        -:    0:Source:runtime/c/zenith_rt.c
        -:    0:Graph:.ztc-tmp/coverage-smoke/test_text_utf8_guardrails-zenith_rt.gcno
        -:    0:Data:.ztc-tmp/coverage-smoke/test_text_utf8_guardrails-zenith_rt.gcda
        -:    0:Runs:2
        -:    1:#include "runtime/c/zenith_rt.h"
        -:    2:#include "runtime/c/zenith_rt_templates.h"
        -:    3:
        -:    4:#include <ctype.h>
        -:    5:#include <errno.h>
        -:    6:#include <stdio.h>
        -:    7:#include <stdlib.h>
        -:    8:#include <string.h>
        -:    9:#include <stdatomic.h>
        -:   10:#include <sys/stat.h>
        -:   11:#include <time.h>
        -:   12:#include <math.h>
        -:   13:#include <limits.h>
        -:   14:#ifdef _WIN32
        -:   15:#ifndef WIN32_LEAN_AND_MEAN
        -:   16:#define WIN32_LEAN_AND_MEAN
        -:   17:#endif
        -:   18:#include <winsock2.h>
        -:   19:#include <ws2tcpip.h>
        -:   20:#include <direct.h>
        -:   21:#include <io.h>
        -:   22:#include <process.h>
        -:   23:#include <windows.h>
        -:   24:#else
        -:   25:#include <dirent.h>
        -:   26:#include <fcntl.h>
        -:   27:#include <netdb.h>
        -:   28:#include <sys/select.h>
        -:   29:#include <sys/socket.h>
        -:   30:#include <arpa/inet.h>
        -:   31:#include <unistd.h>
        -:   32:#include <sys/wait.h>
        -:   33:#include <dlfcn.h>
        -:   34:#endif
        -:   35:
        -:   36:#ifdef _WIN32
        -:   37:typedef SOCKET zt_socket_handle;
        -:   38:#define ZT_NET_INVALID_SOCKET INVALID_SOCKET
        -:   39:#else
        -:   40:typedef int zt_socket_handle;
        -:   41:#define ZT_NET_INVALID_SOCKET (-1)
        -:   42:#endif
        -:   43:
        -:   44:#if defined(_MSC_VER)
        -:   45:#define ZT_THREAD_LOCAL __declspec(thread)
        -:   46:#elif defined(__STDC_VERSION__) && __STDC_VERSION__ >= 201112L
        -:   47:#define ZT_THREAD_LOCAL _Thread_local
        -:   48:#elif defined(__GNUC__) || defined(__clang__)
        -:   49:#define ZT_THREAD_LOCAL __thread
        -:   50:#else
        -:   51:#error "Zenith runtime requires thread-local storage support"
        -:   52:#endif
        -:   53:
        -:   54:static void zt_pqueue_i64_ensure_capacity(zt_pqueue_i64 *heap, size_t needed);
        -:   55:static void zt_pqueue_text_ensure_capacity(zt_pqueue_text *heap, size_t needed);
        -:   56:static void zt_btreemap_text_text_ensure_capacity(zt_btreemap_text_text *map, size_t needed);
        -:   57:static void zt_btreeset_text_ensure_capacity(zt_btreeset_text *set, size_t needed);
        -:   58:
        -:   59:#define ZT_DYNAMIC_HEAP_BASE 1024u
        -:   60:#define ZT_DYNAMIC_HEAP_CAPACITY 512u
        -:   61:
        -:   62:typedef struct zt_dynamic_heap_entry {
        -:   63:    uint32_t kind;
        -:   64:    zt_heap_free_fn free_fn;
        -:   65:    zt_heap_clone_fn clone_fn;
        -:   66:} zt_dynamic_heap_entry;
        -:   67:
        -:   68:static zt_dynamic_heap_entry zt_dynamic_heaps[ZT_DYNAMIC_HEAP_CAPACITY];
        -:   69:static size_t zt_dynamic_heap_count = 0;
        -:   70:
function zt_find_dynamic_heap_entry called 0 returned 0% blocks executed 0%
    #####:   71:static const zt_dynamic_heap_entry *zt_find_dynamic_heap_entry(uint32_t kind) {
        -:   72:    size_t index;
        -:   73:
    #####:   74:    if (kind < ZT_DYNAMIC_HEAP_BASE) {
branch  0 never executed (fallthrough)
branch  1 never executed
    #####:   75:        return NULL;
        -:   76:    }
        -:   77:
    #####:   78:    index = (size_t)(kind - ZT_DYNAMIC_HEAP_BASE);
    #####:   79:    if (index >= zt_dynamic_heap_count) {
branch  0 never executed (fallthrough)
branch  1 never executed
    #####:   80:        return NULL;
        -:   81:    }
        -:   82:
    #####:   83:    if (zt_dynamic_heaps[index].kind != kind) {
branch  0 never executed (fallthrough)
branch  1 never executed
    #####:   84:        return NULL;
        -:   85:    }
        -:   86:
    #####:   87:    return &zt_dynamic_heaps[index];
        -:   88:}
        -:   89:
function zt_safe_message called 2 returned 100% blocks executed 80%
        2:   90:static const char *zt_safe_message(const char *message) {
       2*:   91:    return message != NULL ? message : "runtime error";
branch  0 taken 2 (fallthrough)
branch  1 taken 0
        -:   92:}
        -:   93:
function zt_text_equals_literal called 0 returned 0% blocks executed 0%
    #####:   94:static zt_bool zt_text_equals_literal(const zt_text *value, const char *literal) {
        -:   95:    size_t literal_len;
        -:   96:
    #####:   97:    if (value == NULL || literal == NULL) {
branch  0 never executed (fallthrough)
branch  1 never executed
branch  2 never executed (fallthrough)
branch  3 never executed
    #####:   98:        return false;
        -:   99:    }
        -:  100:
    #####:  101:    literal_len = strlen(literal);
    #####:  102:    if (value->len != literal_len) {
branch  0 never executed (fallthrough)
branch  1 never executed
    #####:  103:        return false;
        -:  104:    }
        -:  105:
    #####:  106:    if (literal_len == 0) {
branch  0 never executed (fallthrough)
branch  1 never executed
    #####:  107:        return true;
        -:  108:    }
        -:  109:
    #####:  110:    return memcmp(value->data, literal, literal_len) == 0;
        -:  111:}
        -:  112:
function zt_runtime_append_text called 0 returned 0% blocks executed 0%
    #####:  113:static void zt_runtime_append_text(char *buffer, size_t capacity, const char *text) {
        -:  114:    size_t length;
        -:  115:    size_t available;
        -:  116:    size_t copy_length;
        -:  117:
    #####:  118:    if (buffer == NULL || capacity == 0 || text == NULL) return;
branch  0 never executed (fallthrough)
branch  1 never executed
branch  2 never executed (fallthrough)
branch  3 never executed
branch  4 never executed (fallthrough)
branch  5 never executed
    #####:  119:    length = strlen(buffer);
    #####:  120:    if (length >= capacity - 1) return;
branch  0 never executed (fallthrough)
branch  1 never executed
        -:  121:
    #####:  122:    available = (capacity - 1) - length;
    #####:  123:    copy_length = strlen(text);
    #####:  124:    if (copy_length > available) copy_length = available;
branch  0 never executed (fallthrough)
branch  1 never executed
    #####:  125:    memcpy(buffer + length, text, copy_length);
    #####:  126:    buffer[length + copy_length] = '\0';
        -:  127:}
        -:  128:
function zt_try_add_size called 9 returned 100% blocks executed 67%
        9:  129:static zt_bool zt_try_add_size(size_t left, size_t right, size_t *out) {
        9:  130:    if (out == NULL) {
branch  0 taken 0 (fallthrough)
branch  1 taken 9
    #####:  131:        return false;
        -:  132:    }
        9:  133:    if (left > (SIZE_MAX - right)) {
branch  0 taken 0 (fallthrough)
branch  1 taken 9
    #####:  134:        return false;
        -:  135:    }
        9:  136:    *out = left + right;
        9:  137:    return true;
        -:  138:}
        -:  139:
        -:  140:#if !defined(ZT_FORCE_PORTABLE_OVERFLOW) && (defined(__clang__) || defined(__GNUC__))
        -:  141:#define ZT_USE_COMPILER_OVERFLOW_BUILTINS 1
        -:  142:#else
        -:  143:#define ZT_USE_COMPILER_OVERFLOW_BUILTINS 0
        -:  144:#endif
        -:  145:
function zt_try_add_i64 called 0 returned 0% blocks executed 0%
    #####:  146:static zt_bool zt_try_add_i64(zt_int a, zt_int b, zt_int *out) {
        -:  147:#if ZT_USE_COMPILER_OVERFLOW_BUILTINS
    #####:  148:    return __builtin_add_overflow(a, b, out) ? true : false;
        -:  149:#else
        -:  150:    uint64_t ua = (uint64_t)a;
        -:  151:    uint64_t ub = (uint64_t)b;
        -:  152:    uint64_t ur = ua + ub;
        -:  153:    if (out != NULL) {
        -:  154:        *out = (zt_int)ur;
        -:  155:    }
        -:  156:    return ((~(ua ^ ub) & (ua ^ ur)) >> 63) != 0u ? true : false;
        -:  157:#endif
        -:  158:}
        -:  159:
function zt_try_sub_i64 called 0 returned 0% blocks executed 0%
    #####:  160:static zt_bool zt_try_sub_i64(zt_int a, zt_int b, zt_int *out) {
        -:  161:#if ZT_USE_COMPILER_OVERFLOW_BUILTINS
    #####:  162:    return __builtin_sub_overflow(a, b, out) ? true : false;
        -:  163:#else
        -:  164:    uint64_t ua = (uint64_t)a;
        -:  165:    uint64_t ub = (uint64_t)b;
        -:  166:    uint64_t ur = ua - ub;
        -:  167:    if (out != NULL) {
        -:  168:        *out = (zt_int)ur;
        -:  169:    }
        -:  170:    return (((ua ^ ub) & (ua ^ ur)) >> 63) != 0u ? true : false;
        -:  171:#endif
        -:  172:}
        -:  173:
function zt_try_mul_i64 called 0 returned 0% blocks executed 0%
    #####:  174:static zt_bool zt_try_mul_i64(zt_int a, zt_int b, zt_int *out) {
        -:  175:#if ZT_USE_COMPILER_OVERFLOW_BUILTINS
    #####:  176:    return __builtin_mul_overflow(a, b, out) ? true : false;
        -:  177:#else
        -:  178:    if (out == NULL) {
        -:  179:        return true;
        -:  180:    }
        -:  181:
        -:  182:    if (a == 0 || b == 0) {
        -:  183:        *out = 0;
        -:  184:        return false;
        -:  185:    }
        -:  186:
        -:  187:    if (a == -1) {
        -:  188:        if (b == INT64_MIN) {
        -:  189:            return true;
        -:  190:        }
        -:  191:        *out = -b;
        -:  192:        return false;
        -:  193:    }
        -:  194:
        -:  195:    if (b == -1) {
        -:  196:        if (a == INT64_MIN) {
        -:  197:            return true;
        -:  198:        }
        -:  199:        *out = -a;
        -:  200:        return false;
        -:  201:    }
        -:  202:
        -:  203:    if (a > 0) {
        -:  204:        if (b > 0) {
        -:  205:            if (a > INT64_MAX / b) {
        -:  206:                return true;
        -:  207:            }
        -:  208:        } else {
        -:  209:            if (b < INT64_MIN / a) {
        -:  210:                return true;
        -:  211:            }
        -:  212:        }
        -:  213:    } else {
        -:  214:        if (b > 0) {
        -:  215:            if (a < INT64_MIN / b) {
        -:  216:                return true;
        -:  217:            }
        -:  218:        } else {
        -:  219:            if (a < INT64_MAX / b) {
        -:  220:                return true;
        -:  221:            }
        -:  222:        }
        -:  223:    }
        -:  224:
        -:  225:    *out = a * b;
        -:  226:    return false;
        -:  227:#endif
        -:  228:}
        -:  229:
function zt_require_added_size called 5 returned 100% blocks executed 80%
        5:  230:static size_t zt_require_added_size(size_t left, size_t right, const char *message) {
        5:  231:    size_t result = 0;
        -:  232:
        5:  233:    if (!zt_try_add_size(left, right, &result)) {
call    0 returned 5
branch  1 taken 0 (fallthrough)
branch  2 taken 5
    #####:  234:        zt_runtime_error(ZT_ERR_PLATFORM, message);
call    0 never executed
        -:  235:    }
        -:  236:
        5:  237:    return result;
        -:  238:}
        -:  239:
        -:  240:static ZT_THREAD_LOCAL zt_runtime_error_info zt_last_error;
        -:  241:static ZT_THREAD_LOCAL char zt_last_error_message[256];
        -:  242:static ZT_THREAD_LOCAL char zt_last_error_code[64];
        -:  243:
function zt_runtime_store_error called 1 returned 100% blocks executed 67%
        1:  244:static void zt_runtime_store_error(zt_error_kind kind, const char *message, const char *code, zt_runtime_span span) {
        1:  245:    snprintf(zt_last_error_message, sizeof(zt_last_error_message), "%s", zt_safe_message(message));
call    0 returned 1
        -:  246:
       1*:  247:    if (code != NULL && code[0] != '\0') {
branch  0 taken 0 (fallthrough)
branch  1 taken 1
branch  2 never executed (fallthrough)
branch  3 never executed
    #####:  248:        snprintf(zt_last_error_code, sizeof(zt_last_error_code), "%s", code);
    #####:  249:        zt_last_error.code = zt_last_error_code;
        -:  250:    } else {
        1:  251:        zt_last_error_code[0] = '\0';
        1:  252:        zt_last_error.code = NULL;
        -:  253:    }
        -:  254:
        1:  255:    zt_last_error.has_error = true;
        1:  256:    zt_last_error.kind = kind;
        1:  257:    zt_last_error.message = zt_last_error_message;
        1:  258:    zt_last_error.span = span;
        1:  259:}
        -:  260:
function zt_runtime_stable_code called 1 returned 100% blocks executed 21%
        1:  261:static const char *zt_runtime_stable_code(zt_error_kind kind) {
        1:  262:    switch (kind) {
branch  0 taken 0
branch  1 taken 0
branch  2 taken 0
branch  3 taken 0
branch  4 taken 0
branch  5 taken 0
branch  6 taken 0
branch  7 taken 0
branch  8 taken 1
branch  9 taken 0
branch 10 taken 0
branch 11 taken 0
    #####:  263:        case ZT_ERR_ASSERT: return "runtime.assert";
    #####:  264:        case ZT_ERR_CHECK: return "runtime.check";
    #####:  265:        case ZT_ERR_PANIC: return "runtime.panic";
    #####:  266:        case ZT_ERR_UNWRAP: return "runtime.unwrap";
    #####:  267:        case ZT_ERR_IO: return "runtime.io";
    #####:  268:        case ZT_ERR_INDEX: return "runtime.index";
    #####:  269:        case ZT_ERR_MATH: return "runtime.math";
    #####:  270:        case ZT_ERR_PLATFORM: return "runtime.platform";
        1:  271:        case ZT_ERR_CONTRACT: return "runtime.contract";
    #####:  272:        case ZT_ERR_TEST_FAILED: return "test.fail";
    #####:  273:        case ZT_ERR_TEST_SKIPPED: return "test.skip";
    #####:  274:        default: return "runtime.error";
        -:  275:    }
        -:  276:}
        -:  277:
function zt_runtime_default_help called 1 returned 100% blocks executed 21%
        1:  278:static const char *zt_runtime_default_help(zt_error_kind kind) {
        1:  279:    switch (kind) {
branch  0 taken 0
branch  1 taken 0
branch  2 taken 0
branch  3 taken 0
branch  4 taken 0
branch  5 taken 0
branch  6 taken 0
branch  7 taken 0
branch  8 taken 1
branch  9 taken 0
branch 10 taken 0
branch 11 taken 0
    #####:  280:        case ZT_ERR_ASSERT:
    #####:  281:            return "Ensure assert conditions are true before runtime.";
    #####:  282:        case ZT_ERR_CHECK:
    #####:  283:            return "Handle check failures explicitly or validate inputs first.";
    #####:  284:        case ZT_ERR_PANIC:
    #####:  285:            return "Avoid panic as control flow; handle recoverable failures with result/optional.";
    #####:  286:        case ZT_ERR_UNWRAP:
    #####:  287:            return "Check optional/result before unwrapping.";
    #####:  288:        case ZT_ERR_IO:
    #####:  289:            return "Verify file paths, permissions and host environment.";
    #####:  290:        case ZT_ERR_INDEX:
    #####:  291:            return "Guard indexes and slice bounds before access.";
    #####:  292:        case ZT_ERR_MATH:
    #####:  293:            return "Check for arithmetic overflow or division by zero.";
    #####:  294:        case ZT_ERR_PLATFORM:
    #####:  295:            return "Check platform limits and allocation failures.";
        1:  296:        case ZT_ERR_CONTRACT:
        1:  297:            return "Ensure values satisfy type or field contracts.";
    #####:  298:        case ZT_ERR_TEST_FAILED:
    #####:  299:            return "Use check(...) or explicit conditions before calling test.fail(...).";
    #####:  300:        case ZT_ERR_TEST_SKIPPED:
    #####:  301:            return "Skip marks the current test as not executed.";
    #####:  302:        default:
    #####:  303:            return "Review runtime preconditions for this operation.";
        -:  304:    }
        -:  305:}
        -:  306:
function zt_runtime_print_error called 1 returned 100% blocks executed 66%
        1:  307:static void zt_runtime_print_error(const zt_runtime_error_info *error) {
        1:  308:    const char *stable_code = zt_runtime_stable_code(error->kind);
call    0 returned 1
        1:  309:    const char *help = zt_runtime_default_help(error->kind);
call    0 returned 1
        1:  310:    const char *level = "error";
        -:  311:
       1*:  312:    if (error->kind == ZT_ERR_TEST_FAILED) level = "fail";
branch  0 taken 0 (fallthrough)
branch  1 taken 1
       1*:  313:    if (error->kind == ZT_ERR_TEST_SKIPPED) level = "skip";
branch  0 taken 0 (fallthrough)
branch  1 taken 1
        -:  314:
        1:  315:    fprintf(stderr, "%s[%s]\n", level, stable_code);
call    0 returned 1
call    1 returned 1
        1:  316:    fprintf(stderr, "%s\n", zt_safe_message(error->message));
call    0 returned 1
call    1 returned 1
call    2 returned 1
        -:  317:
        1:  318:    if (zt_runtime_span_is_known(error->span)) {
call    0 returned 1
branch  1 taken 0 (fallthrough)
branch  2 taken 1
    #####:  319:        const char *source_name = (error->span.source_name != NULL && error->span.source_name[0] != '\0')
branch  0 never executed (fallthrough)
branch  1 never executed
        -:  320:            ? error->span.source_name
    #####:  321:            : "<runtime>";
branch  0 never executed (fallthrough)
branch  1 never executed
    #####:  322:        fprintf(
call    0 never executed
    #####:  323:            stderr,
        -:  324:            "\nwhere\n  %s:%lld:%lld\n",
        -:  325:            source_name,
    #####:  326:            (long long)error->span.line,
    #####:  327:            (long long)error->span.column
call    0 never executed
        -:  328:        );
        -:  329:    }
        -:  330:
       1*:  331:    if (error->code != NULL && error->code[0] != '\0') {
branch  0 taken 0 (fallthrough)
branch  1 taken 1
branch  2 never executed (fallthrough)
branch  3 never executed
    #####:  332:        fprintf(stderr, "\ncode\n  %s\n", error->code);
call    0 never executed
call    1 never executed
        -:  333:    }
        -:  334:
        1:  335:    if (help != NULL && help[0] != '\0') {
branch  0 taken 1 (fallthrough)
branch  1 taken 0
branch  2 taken 1 (fallthrough)
branch  3 taken 0
        1:  336:        fprintf(stderr, "\nhelp\n  %s\n", help);
call    0 returned 1
call    1 returned 1
        -:  337:    }
        -:  338:
        1:  339:    fprintf(stderr, "\n");
call    0 returned 1
call    1 returned 1
        1:  340:    fflush(stderr);
call    0 returned 1
call    1 returned 1
        1:  341:}
function zt_outcome_i64_text_failure_message called 0 returned 0% blocks executed 0%
    #####:  342:zt_outcome_i64_text zt_outcome_i64_text_failure_message(const char *message) {
    #####:  343:    zt_text *error = zt_text_from_utf8_literal(zt_safe_message(message));
call    0 never executed
call    1 never executed
    #####:  344:    zt_outcome_i64_text outcome = zt_outcome_i64_text_failure(error);
call    0 never executed
    #####:  345:    zt_release(error);
call    0 never executed
    #####:  346:    return outcome;
        -:  347:}
        -:  348:
function zt_outcome_text_text_failure_message called 0 returned 0% blocks executed 0%
    #####:  349:zt_outcome_text_text zt_outcome_text_text_failure_message(const char *message) {
    #####:  350:    zt_text *error = zt_text_from_utf8_literal(zt_safe_message(message));
call    0 never executed
call    1 never executed
    #####:  351:    zt_outcome_text_text outcome = zt_outcome_text_text_failure(error);
call    0 never executed
    #####:  352:    zt_release(error);
call    0 never executed
    #####:  353:    return outcome;
        -:  354:}
        -:  355:
function zt_outcome_optional_text_text_failure_message called 0 returned 0% blocks executed 0%
    #####:  356:zt_outcome_optional_text_text zt_outcome_optional_text_text_failure_message(const char *message) {
    #####:  357:    zt_text *error = zt_text_from_utf8_literal(zt_safe_message(message));
call    0 never executed
call    1 never executed
    #####:  358:    zt_outcome_optional_text_text outcome = zt_outcome_optional_text_text_failure(error);
call    0 never executed
    #####:  359:    zt_release(error);
call    0 never executed
    #####:  360:    return outcome;
        -:  361:}
        -:  362:
function zt_outcome_bytes_text_failure_message called 0 returned 0% blocks executed 0%
    #####:  363:zt_outcome_bytes_text zt_outcome_bytes_text_failure_message(const char *message) {
    #####:  364:    zt_text *error = zt_text_from_utf8_literal(zt_safe_message(message));
call    0 never executed
call    1 never executed
    #####:  365:    zt_outcome_bytes_text outcome = zt_outcome_bytes_text_failure(error);
call    0 never executed
    #####:  366:    zt_release(error);
call    0 never executed
    #####:  367:    return outcome;
        -:  368:}
        -:  369:
function zt_outcome_optional_bytes_text_failure_message called 0 returned 0% blocks executed 0%
    #####:  370:zt_outcome_optional_bytes_text zt_outcome_optional_bytes_text_failure_message(const char *message) {
    #####:  371:    zt_text *error = zt_text_from_utf8_literal(zt_safe_message(message));
call    0 never executed
call    1 never executed
    #####:  372:    zt_outcome_optional_bytes_text outcome = zt_outcome_optional_bytes_text_failure(error);
call    0 never executed
    #####:  373:    zt_release(error);
call    0 never executed
    #####:  374:    return outcome;
        -:  375:}
        -:  376:
function zt_outcome_net_connection_text_failure_message called 0 returned 0% blocks executed 0%
    #####:  377:zt_outcome_net_connection_text zt_outcome_net_connection_text_failure_message(const char *message) {
    #####:  378:    zt_text *error = zt_text_from_utf8_literal(zt_safe_message(message));
call    0 never executed
call    1 never executed
    #####:  379:    zt_outcome_net_connection_text outcome = zt_outcome_net_connection_text_failure(error);
call    0 never executed
    #####:  380:    zt_release(error);
call    0 never executed
    #####:  381:    return outcome;
        -:  382:}
        -:  383:
function zt_outcome_void_text_failure_message called 0 returned 0% blocks executed 0%
    #####:  384:zt_outcome_void_text zt_outcome_void_text_failure_message(const char *message) {
    #####:  385:    zt_text *error = zt_text_from_utf8_literal(zt_safe_message(message));
call    0 never executed
call    1 never executed
    #####:  386:    zt_outcome_void_text outcome = zt_outcome_void_text_failure(error);
call    0 never executed
    #####:  387:    zt_release(error);
call    0 never executed
    #####:  388:    return outcome;
        -:  389:}
        -:  390:
function zt_outcome_list_i64_text_failure_message called 0 returned 0% blocks executed 0%
    #####:  391:zt_outcome_list_i64_text zt_outcome_list_i64_text_failure_message(const char *message) {
    #####:  392:    zt_text *error = zt_text_from_utf8_literal(zt_safe_message(message));
call    0 never executed
call    1 never executed
    #####:  393:    zt_outcome_list_i64_text outcome = zt_outcome_list_i64_text_failure(error);
call    0 never executed
    #####:  394:    zt_release(error);
call    0 never executed
    #####:  395:    return outcome;
        -:  396:}
        -:  397:
function zt_fs_is_separator called 0 returned 0% blocks executed 0%
    #####:  398:static zt_bool zt_fs_is_separator(char ch) {
    #####:  399:    return ch == '/' || ch == '\\';
branch  0 never executed (fallthrough)
branch  1 never executed
branch  2 never executed (fallthrough)
branch  3 never executed
        -:  400:}
        -:  401:
function zt_fs_core_error_from_code_message called 0 returned 0% blocks executed 0%
    #####:  402:static zt_core_error zt_fs_core_error_from_code_message(const char *code, const char *message) {
    #####:  403:    return zt_core_error_from_message(code != NULL ? code : "fs.unknown", zt_safe_message(message));
call    0 never executed
branch  1 never executed (fallthrough)
branch  2 never executed
call    3 never executed
        -:  404:}
        -:  405:
function zt_fs_core_error_from_errno called 0 returned 0% blocks executed 0%
    #####:  406:static zt_core_error zt_fs_core_error_from_errno(int error_code, const char *fallback_message) {
    #####:  407:    const char *code = "fs.io";
    #####:  408:    const char *message = fallback_message;
        -:  409:
    #####:  410:    if ((message == NULL || message[0] == '\0') && error_code != 0) {
branch  0 never executed (fallthrough)
branch  1 never executed
branch  2 never executed (fallthrough)
branch  3 never executed
branch  4 never executed (fallthrough)
branch  5 never executed
    #####:  411:        message = strerror(error_code);
call    0 never executed
        -:  412:    }
    #####:  413:    if (message == NULL || message[0] == '\0') {
branch  0 never executed (fallthrough)
branch  1 never executed
branch  2 never executed (fallthrough)
branch  3 never executed
    #####:  414:        message = "filesystem error";
        -:  415:    }
        -:  416:
    #####:  417:    switch (error_code) {
branch  0 never executed
branch  1 never executed
branch  2 never executed
branch  3 never executed
branch  4 never executed
branch  5 never executed
branch  6 never executed
branch  7 never executed
branch  8 never executed
    #####:  418:        case 0:
    #####:  419:            code = "fs.unknown";
    #####:  420:            break;
    #####:  421:        case ENOENT:
    #####:  422:            code = "fs.not_found";
    #####:  423:            break;
    #####:  424:        case EACCES:
        -:  425:        case EPERM:
    #####:  426:            code = "fs.permission_denied";
    #####:  427:            break;
    #####:  428:        case EEXIST:
    #####:  429:            code = "fs.already_exists";
    #####:  430:            break;
        -:  431:#ifdef ENOTDIR
    #####:  432:        case ENOTDIR:
    #####:  433:            code = "fs.not_a_directory";
    #####:  434:            break;
        -:  435:#endif
        -:  436:#ifdef EISDIR
    #####:  437:        case EISDIR:
    #####:  438:            code = "fs.is_a_directory";
    #####:  439:            break;
        -:  440:#endif
        -:  441:#ifdef EINVAL
    #####:  442:        case EINVAL:
    #####:  443:            code = "fs.invalid_path";
    #####:  444:            break;
        -:  445:#endif
        -:  446:#ifdef ENAMETOOLONG
    #####:  447:        case ENAMETOOLONG:
    #####:  448:            code = "fs.invalid_path";
    #####:  449:            break;
        -:  450:#endif
    #####:  451:        default:
    #####:  452:            code = "fs.io";
    #####:  453:            break;
        -:  454:    }
        -:  455:
    #####:  456:    return zt_fs_core_error_from_code_message(code, message);
call    0 never executed
        -:  457:}
        -:  458:
        -:  459:#ifdef _WIN32
function zt_fs_windows_error_message called 0 returned 0% blocks executed 0%
    #####:  460:static void zt_fs_windows_error_message(DWORD error_code, char *buffer, size_t buffer_size) {
        -:  461:    DWORD written;
        -:  462:
    #####:  463:    if (buffer == NULL || buffer_size == 0) {
branch  0 never executed (fallthrough)
branch  1 never executed
branch  2 never executed (fallthrough)
branch  3 never executed
    #####:  464:        return;
        -:  465:    }
        -:  466:
    #####:  467:    written = FormatMessageA(
call    0 never executed
        -:  468:        FORMAT_MESSAGE_FROM_SYSTEM | FORMAT_MESSAGE_IGNORE_INSERTS,
        -:  469:        NULL,
        -:  470:        error_code,
        -:  471:        MAKELANGID(LANG_NEUTRAL, SUBLANG_DEFAULT),
        -:  472:        buffer,
        -:  473:        (DWORD)buffer_size,
        -:  474:        NULL);
    #####:  475:    if (written == 0) {
branch  0 never executed (fallthrough)
branch  1 never executed
    #####:  476:        snprintf(buffer, buffer_size, "Windows error %lu", (unsigned long)error_code);
    #####:  477:        return;
        -:  478:    }
        -:  479:
    #####:  480:    while (written > 0 && (buffer[written - 1] == '\r' || buffer[written - 1] == '\n' || buffer[written - 1] == ' ')) {
branch  0 never executed (fallthrough)
branch  1 never executed
branch  2 never executed
branch  3 never executed (fallthrough)
branch  4 never executed
branch  5 never executed (fallthrough)
branch  6 never executed
branch  7 never executed (fallthrough)
    #####:  481:        buffer[written - 1] = '\0';
    #####:  482:        written -= 1;
        -:  483:    }
        -:  484:}
        -:  485:
function zt_fs_core_error_from_windows called 0 returned 0% blocks executed 0%
    #####:  486:static zt_core_error zt_fs_core_error_from_windows(DWORD error_code, const char *fallback_message) {
    #####:  487:    const char *code = "fs.io";
        -:  488:    char message_buffer[256];
    #####:  489:    const char *message = fallback_message;
        -:  490:
    #####:  491:    if (message == NULL || message[0] == '\0') {
branch  0 never executed (fallthrough)
branch  1 never executed
branch  2 never executed (fallthrough)
branch  3 never executed
    #####:  492:        zt_fs_windows_error_message(error_code, message_buffer, sizeof(message_buffer));
call    0 never executed
    #####:  493:        message = message_buffer;
        -:  494:    }
        -:  495:
    #####:  496:    switch (error_code) {
branch  0 never executed
branch  1 never executed
branch  2 never executed
branch  3 never executed
branch  4 never executed
branch  5 never executed
    #####:  497:        case ERROR_FILE_NOT_FOUND:
        -:  498:        case ERROR_PATH_NOT_FOUND:
    #####:  499:            code = "fs.not_found";
    #####:  500:            break;
    #####:  501:        case ERROR_ACCESS_DENIED:
        -:  502:        case ERROR_SHARING_VIOLATION:
    #####:  503:            code = "fs.permission_denied";
    #####:  504:            break;
    #####:  505:        case ERROR_ALREADY_EXISTS:
        -:  506:        case ERROR_FILE_EXISTS:
    #####:  507:            code = "fs.already_exists";
    #####:  508:            break;
    #####:  509:        case ERROR_DIRECTORY:
    #####:  510:            code = "fs.not_a_directory";
    #####:  511:            break;
    #####:  512:        case ERROR_INVALID_NAME:
        -:  513:        case ERROR_BAD_PATHNAME:
    #####:  514:            code = "fs.invalid_path";
    #####:  515:            break;
    #####:  516:        default:
    #####:  517:            code = "fs.io";
    #####:  518:            break;
        -:  519:    }
        -:  520:
    #####:  521:    return zt_fs_core_error_from_code_message(code, message);
call    0 never executed
        -:  522:}
        -:  523:#endif
        -:  524:
function zt_fs_outcome_void_failure_error called 0 returned 0% blocks executed 0%
    #####:  525:static zt_outcome_void_core_error zt_fs_outcome_void_failure_error(zt_core_error error) {
    #####:  526:    zt_outcome_void_core_error outcome = zt_outcome_void_core_error_failure(error);
call    0 never executed
    #####:  527:    zt_core_error_dispose(&error);
call    0 never executed
    #####:  528:    return outcome;
        -:  529:}
        -:  530:
function zt_fs_outcome_text_failure_error called 0 returned 0% blocks executed 0%
    #####:  531:static zt_outcome_text_core_error zt_fs_outcome_text_failure_error(zt_core_error error) {
    #####:  532:    zt_outcome_text_core_error outcome = zt_outcome_text_core_error_failure(error);
call    0 never executed
    #####:  533:    zt_core_error_dispose(&error);
call    0 never executed
    #####:  534:    return outcome;
        -:  535:}
        -:  536:
function zt_fs_outcome_bool_failure_error called 0 returned 0% blocks executed 0%
    #####:  537:static zt_outcome_bool_core_error zt_fs_outcome_bool_failure_error(zt_core_error error) {
    #####:  538:    zt_outcome_bool_core_error outcome = zt_outcome_bool_core_error_failure(error);
call    0 never executed
    #####:  539:    zt_core_error_dispose(&error);
call    0 never executed
    #####:  540:    return outcome;
        -:  541:}
        -:  542:
function zt_fs_outcome_i64_failure_error called 0 returned 0% blocks executed 0%
    #####:  543:static zt_outcome_i64_core_error zt_fs_outcome_i64_failure_error(zt_core_error error) {
    #####:  544:    zt_outcome_i64_core_error outcome = zt_outcome_i64_core_error_failure(error);
call    0 never executed
    #####:  545:    zt_core_error_dispose(&error);
call    0 never executed
    #####:  546:    return outcome;
        -:  547:}
        -:  548:
function zt_fs_outcome_list_text_failure_error called 0 returned 0% blocks executed 0%
    #####:  549:static zt_outcome_list_text_core_error zt_fs_outcome_list_text_failure_error(zt_core_error error) {
    #####:  550:    zt_outcome_list_text_core_error outcome = zt_outcome_list_text_core_error_failure(error);
call    0 never executed
    #####:  551:    zt_core_error_dispose(&error);
call    0 never executed
    #####:  552:    return outcome;
        -:  553:}
        -:  554:
function zt_fs_outcome_optional_i64_failure_error called 0 returned 0% blocks executed 0%
    #####:  555:static zt_outcome_optional_i64_core_error zt_fs_outcome_optional_i64_failure_error(zt_core_error error) {
    #####:  556:    zt_outcome_optional_i64_core_error outcome = zt_outcome_optional_i64_core_error_failure(error);
call    0 never executed
    #####:  557:    zt_core_error_dispose(&error);
call    0 never executed
    #####:  558:    return outcome;
        -:  559:}
        -:  560:
function zt_fs_join_path called 0 returned 0% blocks executed 0%
    #####:  561:static char *zt_fs_join_path(const char *base, const char *name) {
        -:  562:    size_t base_len;
        -:  563:    size_t name_len;
        -:  564:    size_t total_len;
    #####:  565:    size_t offset = 0;
        -:  566:    char *joined;
        -:  567:    zt_bool needs_sep;
        -:  568:
    #####:  569:    if (base == NULL || name == NULL) {
branch  0 never executed (fallthrough)
branch  1 never executed
branch  2 never executed (fallthrough)
branch  3 never executed
    #####:  570:        return NULL;
        -:  571:    }
        -:  572:
    #####:  573:    base_len = strlen(base);
    #####:  574:    name_len = strlen(name);
    #####:  575:    needs_sep = base_len > 0 && !zt_fs_is_separator(base[base_len - 1]);
branch  0 never executed (fallthrough)
branch  1 never executed
call    2 never executed
branch  3 never executed (fallthrough)
branch  4 never executed
        -:  576:
    #####:  577:    if (!zt_try_add_size(base_len, name_len, &total_len)) {
call    0 never executed
branch  1 never executed (fallthrough)
branch  2 never executed
    #####:  578:        return NULL;
        -:  579:    }
    #####:  580:    if (needs_sep && !zt_try_add_size(total_len, 1, &total_len)) {
branch  0 never executed (fallthrough)
branch  1 never executed
call    2 never executed
branch  3 never executed (fallthrough)
branch  4 never executed
    #####:  581:        return NULL;
        -:  582:    }
    #####:  583:    if (!zt_try_add_size(total_len, 1, &total_len)) {
call    0 never executed
branch  1 never executed (fallthrough)
branch  2 never executed
    #####:  584:        return NULL;
        -:  585:    }
        -:  586:
    #####:  587:    joined = (char *)malloc(total_len);
    #####:  588:    if (joined == NULL) {
branch  0 never executed (fallthrough)
branch  1 never executed
    #####:  589:        return NULL;
        -:  590:    }
        -:  591:
    #####:  592:    if (base_len > 0) {
branch  0 never executed (fallthrough)
branch  1 never executed
    #####:  593:        memcpy(joined, base, base_len);
    #####:  594:        offset = base_len;
        -:  595:    }
    #####:  596:    if (needs_sep) {
branch  0 never executed (fallthrough)
branch  1 never executed
        -:  597:#ifdef _WIN32
    #####:  598:        joined[offset++] = '\\';
        -:  599:#else
        -:  600:        joined[offset++] = '/';
        -:  601:#endif
        -:  602:    }
    #####:  603:    if (name_len > 0) {
branch  0 never executed (fallthrough)
branch  1 never executed
    #####:  604:        memcpy(joined + offset, name, name_len);
    #####:  605:        offset += name_len;
        -:  606:    }
    #####:  607:    joined[offset] = '\0';
    #####:  608:    return joined;
        -:  609:}
        -:  610:
function zt_fs_create_dir_path called 0 returned 0% blocks executed 0%
    #####:  611:static zt_outcome_void_core_error zt_fs_create_dir_path(const char *path_data) {
        -:  612:    struct stat info;
        -:  613:
    #####:  614:    if (path_data == NULL || path_data[0] == '\0') {
branch  0 never executed (fallthrough)
branch  1 never executed
branch  2 never executed (fallthrough)
branch  3 never executed
    #####:  615:        return zt_fs_outcome_void_failure_error(zt_fs_core_error_from_code_message("fs.invalid_path", "path cannot be empty"));
call    0 never executed
call    1 never executed
        -:  616:    }
        -:  617:
    #####:  618:    if (stat(path_data, &info) == 0) {
call    0 never executed
branch  1 never executed (fallthrough)
branch  2 never executed
    #####:  619:        if (S_ISDIR(info.st_mode)) {
branch  0 never executed (fallthrough)
branch  1 never executed
    #####:  620:            return zt_outcome_void_core_error_success();
call    0 never executed
        -:  621:        }
    #####:  622:        return zt_fs_outcome_void_failure_error(zt_fs_core_error_from_code_message("fs.already_exists", "path already exists"));
call    0 never executed
call    1 never executed
        -:  623:    }
    #####:  624:    if (errno != ENOENT) {
call    0 never executed
branch  1 never executed (fallthrough)
branch  2 never executed
    #####:  625:        return zt_fs_outcome_void_failure_error(zt_fs_core_error_from_errno(errno, NULL));
call    0 never executed
call    1 never executed
call    2 never executed
        -:  626:    }
        -:  627:
        -:  628:#ifdef _WIN32
    #####:  629:    if (_mkdir(path_data) != 0) {
call    0 never executed
branch  1 never executed (fallthrough)
branch  2 never executed
    #####:  630:        return zt_fs_outcome_void_failure_error(zt_fs_core_error_from_errno(errno, NULL));
call    0 never executed
call    1 never executed
call    2 never executed
        -:  631:    }
        -:  632:#else
        -:  633:    if (mkdir(path_data, 0777) != 0) {
        -:  634:        return zt_fs_outcome_void_failure_error(zt_fs_core_error_from_errno(errno, NULL));
        -:  635:    }
        -:  636:#endif
    #####:  637:    return zt_outcome_void_core_error_success();
call    0 never executed
        -:  638:}
        -:  639:
function zt_fs_create_dir_all_path called 0 returned 0% blocks executed 0%
    #####:  640:static zt_outcome_void_core_error zt_fs_create_dir_all_path(const char *path_data) {
        -:  641:    zt_outcome_void_core_error outcome;
        -:  642:    char *copy;
        -:  643:    size_t len;
        -:  644:    size_t index;
        -:  645:
    #####:  646:    if (path_data == NULL || path_data[0] == '\0') {
branch  0 never executed (fallthrough)
branch  1 never executed
branch  2 never executed (fallthrough)
branch  3 never executed
    #####:  647:        return zt_fs_outcome_void_failure_error(zt_fs_core_error_from_code_message("fs.invalid_path", "path cannot be empty"));
call    0 never executed
call    1 never executed
        -:  648:    }
        -:  649:
    #####:  650:    len = strlen(path_data);
    #####:  651:    copy = (char *)malloc(len + 1);
    #####:  652:    if (copy == NULL) {
branch  0 never executed (fallthrough)
branch  1 never executed
    #####:  653:        return zt_outcome_void_core_error_failure_message("failed to allocate directory path buffer");
call    0 never executed
        -:  654:    }
    #####:  655:    memcpy(copy, path_data, len + 1);
        -:  656:
    #####:  657:    for (index = 0; index < len; index += 1) {
branch  0 never executed
branch  1 never executed (fallthrough)
        -:  658:        char saved;
        -:  659:
    #####:  660:        if (!zt_fs_is_separator(copy[index])) {
call    0 never executed
branch  1 never executed (fallthrough)
branch  2 never executed
    #####:  661:            continue;
        -:  662:        }
    #####:  663:        if (index == 0 || zt_fs_is_separator(copy[index - 1])) {
branch  0 never executed (fallthrough)
branch  1 never executed
call    2 never executed
branch  3 never executed (fallthrough)
branch  4 never executed
    #####:  664:            continue;
        -:  665:        }
        -:  666:#ifdef _WIN32
    #####:  667:        if (index == 2 && copy[1] == ':') {
branch  0 never executed (fallthrough)
branch  1 never executed
branch  2 never executed (fallthrough)
branch  3 never executed
    #####:  668:            continue;
        -:  669:        }
        -:  670:#endif
    #####:  671:        saved = copy[index];
    #####:  672:        copy[index] = '\0';
    #####:  673:        if (copy[0] != '\0') {
branch  0 never executed (fallthrough)
branch  1 never executed
    #####:  674:            outcome = zt_fs_create_dir_path(copy);
call    0 never executed
    #####:  675:            if (!outcome.is_success) {
branch  0 never executed (fallthrough)
branch  1 never executed
    #####:  676:                free(copy);
    #####:  677:                return outcome;
        -:  678:            }
        -:  679:        }
    #####:  680:        copy[index] = saved;
        -:  681:    }
        -:  682:
    #####:  683:    outcome = zt_fs_create_dir_path(copy);
call    0 never executed
    #####:  684:    free(copy);
    #####:  685:    return outcome;
        -:  686:}
        -:  687:
        -:  688:static zt_outcome_text_core_error zt_host_default_read_file(const zt_text *path);
        -:  689:static zt_outcome_void_core_error zt_host_default_write_file(const zt_text *path, const zt_text *value);
        -:  690:static zt_bool zt_host_default_path_exists(const zt_text *path);
        -:  691:static zt_outcome_optional_text_core_error zt_host_default_read_line_stdin(void);
        -:  692:static zt_outcome_text_core_error zt_host_default_read_all_stdin(void);
        -:  693:static zt_outcome_void_core_error zt_host_default_write_stdout(const zt_text *value);
        -:  694:static zt_outcome_void_core_error zt_host_default_write_stderr(const zt_text *value);
        -:  695:static zt_int zt_host_default_time_now_unix_ms(void);
        -:  696:static zt_outcome_void_core_error zt_host_default_time_sleep_ms(zt_int duration_ms);
        -:  697:static void zt_host_default_random_seed(zt_int seed);
        -:  698:static zt_int zt_host_default_random_next_i64(void);
        -:  699:static zt_outcome_text_core_error zt_host_default_os_current_dir(void);
        -:  700:static zt_outcome_void_core_error zt_host_default_os_change_dir(const zt_text *path);
        -:  701:static zt_list_text *zt_host_default_os_args(void);
        -:  702:static zt_optional_text zt_host_default_os_env(const zt_text *name);
        -:  703:static zt_int zt_host_default_os_pid(void);
        -:  704:static zt_text *zt_host_default_os_platform(void);
        -:  705:static zt_text *zt_host_default_os_arch(void);
        -:  706:static zt_outcome_void_core_error zt_host_default_fs_append_text(const zt_text *path, const zt_text *value);
        -:  707:static zt_outcome_bool_core_error zt_host_default_fs_is_file(const zt_text *path);
        -:  708:static zt_outcome_bool_core_error zt_host_default_fs_is_dir(const zt_text *path);
        -:  709:static zt_outcome_void_core_error zt_host_default_fs_create_dir(const zt_text *path);
        -:  710:static zt_outcome_void_core_error zt_host_default_fs_create_dir_all(const zt_text *path);
        -:  711:static zt_outcome_list_text_core_error zt_host_default_fs_list(const zt_text *path);
        -:  712:static zt_outcome_void_core_error zt_host_default_fs_remove_file(const zt_text *path);
        -:  713:static zt_outcome_void_core_error zt_host_default_fs_remove_dir(const zt_text *path);
        -:  714:static zt_outcome_void_core_error zt_host_default_fs_remove_dir_all(const zt_text *path);
        -:  715:static zt_outcome_void_core_error zt_host_default_fs_copy_file(const zt_text *from_path, const zt_text *to_path);
        -:  716:static zt_outcome_void_core_error zt_host_default_fs_move(const zt_text *from_path, const zt_text *to_path);
        -:  717:static zt_outcome_i64_core_error zt_host_default_fs_size(const zt_text *path);
        -:  718:static zt_outcome_i64_core_error zt_host_default_fs_modified_at(const zt_text *path);
        -:  719:static zt_outcome_optional_i64_core_error zt_host_default_fs_created_at(const zt_text *path);
        -:  720:static char *zt_host_prepare_path_copy(const zt_text *path, const char *label, zt_core_error *out_error);
        -:  721:static zt_outcome_i64_core_error zt_host_default_process_run(const zt_text *program, const zt_list_text *args, zt_optional_text cwd);
        -:  722:static zt_outcome_process_captured_run_core_error zt_host_default_process_run_capture(const zt_text *program, const zt_list_text *args, zt_optional_text cwd);
        -:  723:
        -:  724:static zt_host_api zt_host_api_state = {
        -:  725:    zt_host_default_read_file,
        -:  726:    zt_host_default_write_file,
        -:  727:    zt_host_default_path_exists,
        -:  728:    zt_host_default_read_line_stdin,
        -:  729:    zt_host_default_read_all_stdin,
        -:  730:    zt_host_default_write_stdout,
        -:  731:    zt_host_default_write_stderr,
        -:  732:    zt_host_default_time_now_unix_ms,
        -:  733:    zt_host_default_time_sleep_ms,
        -:  734:    zt_host_default_random_seed,
        -:  735:    zt_host_default_random_next_i64,
        -:  736:    zt_host_default_os_current_dir,
        -:  737:    zt_host_default_os_change_dir,
        -:  738:    zt_host_default_os_args,
        -:  739:    zt_host_default_os_env,
        -:  740:    zt_host_default_os_pid,
        -:  741:    zt_host_default_os_platform,
        -:  742:    zt_host_default_os_arch,
        -:  743:    zt_host_default_process_run,
        -:  744:    zt_host_default_process_run_capture
        -:  745:};
        -:  746:
        -:  747:static zt_list_text *zt_host_captured_process_args = NULL;
        -:  748:
        -:  749:typedef struct zt_process_capture_redirect {
        -:  750:    int saved_stdout_fd;
        -:  751:    int saved_stderr_fd;
        -:  752:    zt_bool active;
        -:  753:#ifdef _WIN32
        -:  754:    HANDLE saved_stdout_handle;
        -:  755:    HANDLE saved_stderr_handle;
        -:  756:#endif
        -:  757:} zt_process_capture_redirect;
        -:  758:
        -:  759:static zt_outcome_void_core_error zt_host_restore_process_stdio(zt_process_capture_redirect *redirect);
        -:  760:static void zt_process_captured_run_retain(zt_process_captured_run value);
        -:  761:static void zt_process_captured_run_dispose(zt_process_captured_run *value);
        -:  762:
function zt_runtime_span_unknown called 1 returned 100% blocks executed 100%
        1:  763:zt_runtime_span zt_runtime_span_unknown(void) {
        -:  764:    zt_runtime_span span;
        1:  765:    span.source_name = NULL;
        1:  766:    span.line = 0;
        1:  767:    span.column = 0;
        1:  768:    return span;
        -:  769:}
        -:  770:
function zt_runtime_make_span called 0 returned 0% blocks executed 0%
    #####:  771:zt_runtime_span zt_runtime_make_span(const char *source_name, zt_int line, zt_int column) {
        -:  772:    zt_runtime_span span;
    #####:  773:    span.source_name = source_name;
    #####:  774:    span.line = line;
    #####:  775:    span.column = column;
    #####:  776:    return span;
        -:  777:}
        -:  778:
function zt_runtime_span_is_known called 1 returned 100% blocks executed 50%
        1:  779:zt_bool zt_runtime_span_is_known(zt_runtime_span span) {
       1*:  780:    return span.source_name != NULL &&
    #####:  781:           span.source_name[0] != '\0' &&
branch  0 never executed (fallthrough)
branch  1 never executed
       1*:  782:           span.line > 0 &&
branch  0 taken 0 (fallthrough)
branch  1 taken 1
branch  2 never executed (fallthrough)
branch  3 never executed
    #####:  783:           span.column > 0;
branch  0 never executed (fallthrough)
branch  1 never executed
        -:  784:}
        -:  785:
function zt_runtime_last_error called 0 returned 0% blocks executed 0%
    #####:  786:const zt_runtime_error_info *zt_runtime_last_error(void) {
    #####:  787:    return &zt_last_error;
        -:  788:}
        -:  789:
function zt_runtime_clear_error called 0 returned 0% blocks executed 0%
    #####:  790:void zt_runtime_clear_error(void) {
    #####:  791:    zt_last_error.has_error = false;
    #####:  792:    zt_last_error.kind = ZT_ERR_PANIC;
    #####:  793:    zt_last_error.message = NULL;
    #####:  794:    zt_last_error.code = NULL;
    #####:  795:    zt_last_error.span = zt_runtime_span_unknown();
call    0 never executed
    #####:  796:    zt_last_error_message[0] = '\0';
    #####:  797:    zt_last_error_code[0] = '\0';
    #####:  798:}
        -:  799:
function zt_error_kind_name called 0 returned 0% blocks executed 0%
    #####:  800:const char *zt_error_kind_name(zt_error_kind kind) {
    #####:  801:    switch (kind) {
branch  0 never executed
branch  1 never executed
branch  2 never executed
branch  3 never executed
branch  4 never executed
branch  5 never executed
branch  6 never executed
branch  7 never executed
branch  8 never executed
branch  9 never executed
branch 10 never executed
branch 11 never executed
    #####:  802:        case ZT_ERR_ASSERT:
    #####:  803:            return "assert";
    #####:  804:        case ZT_ERR_CHECK:
    #####:  805:            return "check";
    #####:  806:        case ZT_ERR_INDEX:
    #####:  807:            return "index";
    #####:  808:        case ZT_ERR_UNWRAP:
    #####:  809:            return "unwrap";
    #####:  810:        case ZT_ERR_PANIC:
    #####:  811:            return "panic";
    #####:  812:        case ZT_ERR_IO:
    #####:  813:            return "io";
    #####:  814:        case ZT_ERR_MATH:
    #####:  815:            return "math";
    #####:  816:        case ZT_ERR_PLATFORM:
    #####:  817:            return "platform";
    #####:  818:        case ZT_ERR_CONTRACT:
    #####:  819:            return "contract";
    #####:  820:        case ZT_ERR_TEST_FAILED:
    #####:  821:            return "test_failed";
    #####:  822:        case ZT_ERR_TEST_SKIPPED:
    #####:  823:            return "test_skipped";
    #####:  824:        default:
    #####:  825:            return "unknown";
        -:  826:    }
        -:  827:}
        -:  828:
function zt_header_from_ref called 12 returned 100% blocks executed 100%
       12:  829:static zt_header *zt_header_from_ref(void *ref) {
       12:  830:    return (zt_header *)ref;
        -:  831:}
        -:  832:
function zt_free_text called 5 returned 100% blocks executed 75%
        5:  833:static void zt_free_text(zt_text *value) {
        5:  834:    if (value == NULL) {
branch  0 taken 0 (fallthrough)
branch  1 taken 5
    #####:  835:        return;
        -:  836:    }
        -:  837:
        5:  838:    free(value->data);
        5:  839:    value->data = NULL;
        5:  840:    value->len = 0;
        5:  841:    free(value);
        -:  842:}
        -:  843:
function zt_free_bytes called 0 returned 0% blocks executed 0%
    #####:  844:static void zt_free_bytes(zt_bytes *value) {
    #####:  845:    if (value == NULL) {
branch  0 never executed (fallthrough)
branch  1 never executed
    #####:  846:        return;
        -:  847:    }
        -:  848:
    #####:  849:    free(value->data);
    #####:  850:    value->data = NULL;
    #####:  851:    value->len = 0;
    #####:  852:    free(value);
        -:  853:}
        -:  854:
        -:  855:/* zt_free_list_i64 and zt_free_list_text: generated by ZT_DEFINE_LIST_IMPL */
        -:  856:
function zt_free_dyn_text_repr called 0 returned 0% blocks executed 0%
    #####:  857:static void zt_free_dyn_text_repr(zt_dyn_text_repr *value) {
    #####:  858:    if (value == NULL) {
branch  0 never executed (fallthrough)
branch  1 never executed
    #####:  859:        return;
        -:  860:    }
        -:  861:
    #####:  862:    if (value->tag == (uint32_t)ZT_DYN_TEXT_REPR_TEXT && value->text_value != NULL) {
branch  0 never executed (fallthrough)
branch  1 never executed
branch  2 never executed (fallthrough)
branch  3 never executed
    #####:  863:        zt_release(value->text_value);
call    0 never executed
    #####:  864:        value->text_value = NULL;
        -:  865:    }
        -:  866:
    #####:  867:    free(value);
        -:  868:}
        -:  869:
function zt_free_list_dyn_text_repr called 0 returned 0% blocks executed 0%
    #####:  870:static void zt_free_list_dyn_text_repr(zt_list_dyn_text_repr *list) {
        -:  871:    size_t index;
        -:  872:
    #####:  873:    if (list == NULL) {
branch  0 never executed (fallthrough)
branch  1 never executed
    #####:  874:        return;
        -:  875:    }
        -:  876:
    #####:  877:    for (index = 0; index < list->len; index += 1) {
branch  0 never executed
branch  1 never executed (fallthrough)
    #####:  878:        zt_release(list->data[index]);
call    0 never executed
        -:  879:    }
        -:  880:
    #####:  881:    free(list->data);
    #####:  882:    list->data = NULL;
    #####:  883:    list->len = 0;
    #####:  884:    list->capacity = 0;
    #####:  885:    free(list);
        -:  886:}
function zt_net_close_socket_handle called 0 returned 0% blocks executed 0%
    #####:  887:static void zt_net_close_socket_handle(intptr_t handle) {
    #####:  888:    zt_socket_handle socket_value = (zt_socket_handle)handle;
        -:  889:
    #####:  890:    if (socket_value == ZT_NET_INVALID_SOCKET) {
branch  0 never executed (fallthrough)
branch  1 never executed
    #####:  891:        return;
        -:  892:    }
        -:  893:
        -:  894:#ifdef _WIN32
    #####:  895:    closesocket(socket_value);
call    0 never executed
        -:  896:#else
        -:  897:    close(socket_value);
        -:  898:#endif
        -:  899:}
        -:  900:
function zt_free_net_connection called 0 returned 0% blocks executed 0%
    #####:  901:static void zt_free_net_connection(zt_net_connection *connection) {
    #####:  902:    if (connection == NULL) {
branch  0 never executed (fallthrough)
branch  1 never executed
    #####:  903:        return;
        -:  904:    }
        -:  905:
    #####:  906:    if (!connection->closed) {
branch  0 never executed (fallthrough)
branch  1 never executed
    #####:  907:        zt_net_close_socket_handle(connection->socket_handle);
call    0 never executed
    #####:  908:        connection->closed = true;
        -:  909:    }
        -:  910:
    #####:  911:    connection->socket_handle = (intptr_t)ZT_NET_INVALID_SOCKET;
    #####:  912:    free(connection);
        -:  913:}
function zt_runtime_require_text called 9 returned 100% blocks executed 67%
        9:  914:static void zt_runtime_require_text(const zt_text *value, const char *message) {
        9:  915:    if (value == NULL) {
branch  0 taken 0 (fallthrough)
branch  1 taken 9
    #####:  916:        zt_runtime_error(ZT_ERR_PANIC, message);
call    0 never executed
        -:  917:    }
        9:  918:}
        -:  919:
function zt_runtime_require_bytes called 0 returned 0% blocks executed 0%
    #####:  920:static void zt_runtime_require_bytes(const zt_bytes *value, const char *message) {
    #####:  921:    if (value == NULL) {
branch  0 never executed (fallthrough)
branch  1 never executed
    #####:  922:        zt_runtime_error(ZT_ERR_PANIC, message);
call    0 never executed
        -:  923:    }
    #####:  924:}
        -:  925:
function zt_runtime_require_net_connection called 0 returned 0% blocks executed 0%
    #####:  926:static void zt_runtime_require_net_connection(const zt_net_connection *connection, const char *message) {
    #####:  927:    if (connection == NULL) {
branch  0 never executed (fallthrough)
branch  1 never executed
    #####:  928:        zt_runtime_error(ZT_ERR_PANIC, message);
call    0 never executed
        -:  929:    }
    #####:  930:}
        -:  931:
function zt_runtime_require_list_i64 called 0 returned 0% blocks executed 0%
    #####:  932:static void zt_runtime_require_list_i64(const zt_list_i64 *list, const char *message) {
    #####:  933:    if (list == NULL) {
branch  0 never executed (fallthrough)
branch  1 never executed
    #####:  934:        zt_runtime_error(ZT_ERR_PANIC, message);
call    0 never executed
        -:  935:    }
    #####:  936:}
        -:  937:
function zt_runtime_require_list_text called 0 returned 0% blocks executed 0%
    #####:  938:static void zt_runtime_require_list_text(const zt_list_text *list, const char *message) {
    #####:  939:    if (list == NULL) {
branch  0 never executed (fallthrough)
branch  1 never executed
    #####:  940:        zt_runtime_error(ZT_ERR_PANIC, message);
call    0 never executed
        -:  941:    }
    #####:  942:}
        -:  943:
function zt_runtime_require_dyn_text_repr called 0 returned 0% blocks executed 0%
    #####:  944:static void zt_runtime_require_dyn_text_repr(const zt_dyn_text_repr *value, const char *message) {
    #####:  945:    if (value == NULL) {
branch  0 never executed (fallthrough)
branch  1 never executed
    #####:  946:        zt_runtime_error(ZT_ERR_PANIC, message);
call    0 never executed
        -:  947:    }
    #####:  948:}
        -:  949:
function zt_runtime_require_list_dyn_text_repr called 0 returned 0% blocks executed 0%
    #####:  950:static void zt_runtime_require_list_dyn_text_repr(const zt_list_dyn_text_repr *list, const char *message) {
    #####:  951:    if (list == NULL) {
branch  0 never executed (fallthrough)
branch  1 never executed
    #####:  952:        zt_runtime_error(ZT_ERR_PANIC, message);
call    0 never executed
        -:  953:    }
    #####:  954:}
function zt_runtime_require_map_text_text called 0 returned 0% blocks executed 0%
    #####:  955:static void zt_runtime_require_map_text_text(const zt_map_text_text *map, const char *message) {
    #####:  956:    if (map == NULL) {
branch  0 never executed (fallthrough)
branch  1 never executed
    #####:  957:        zt_runtime_error(ZT_ERR_PANIC, message);
call    0 never executed
        -:  958:    }
    #####:  959:}
        -:  960:
function zt_normalize_slice_end called 0 returned 0% blocks executed 0%
    #####:  961:static size_t zt_normalize_slice_end(size_t length, zt_int end_0) {
    #####:  962:    if (length == 0) {
branch  0 never executed (fallthrough)
branch  1 never executed
    #####:  963:        return 0;
        -:  964:    }
        -:  965:
    #####:  966:    if (end_0 == -1) {
branch  0 never executed (fallthrough)
branch  1 never executed
    #####:  967:        return length - 1;
        -:  968:    }
        -:  969:
    #####:  970:    if (end_0 < -1) {
branch  0 never executed (fallthrough)
branch  1 never executed
    #####:  971:        zt_runtime_error(ZT_ERR_INDEX, "slice end must be -1 or a 0-based index");
call    0 never executed
        -:  972:    }
        -:  973:
    #####:  974:    if ((size_t)end_0 >= length) {
branch  0 never executed (fallthrough)
branch  1 never executed
    #####:  975:        return length - 1;
        -:  976:    }
        -:  977:
    #####:  978:    return (size_t)end_0;
        -:  979:}
        -:  980:
        -:  981:/* ── Monomorphization: list<int> and list<text> ────────────────────────────── */
    #####:  982:ZT_DEFINE_LIST_IMPL(i64, zt_int, ZT_HEAP_LIST_I64, 0)
------------------
zt_list_i64_slice:
function zt_list_i64_slice called 0 returned 0% blocks executed 0%
    #####:  982:ZT_DEFINE_LIST_IMPL(i64, zt_int, ZT_HEAP_LIST_I64, 0)
branch  0 never executed (fallthrough)
branch  1 never executed
call    2 never executed
branch  3 never executed (fallthrough)
branch  4 never executed
call    5 never executed
branch  6 never executed (fallthrough)
branch  7 never executed
call    8 never executed
call    9 never executed
branch 10 never executed (fallthrough)
branch 11 never executed
branch 12 never executed (fallthrough)
branch 13 never executed
call   14 never executed
call   15 never executed
------------------
zt_list_i64_deep_copy:
function zt_list_i64_deep_copy called 0 returned 0% blocks executed 0%
    #####:  982:ZT_DEFINE_LIST_IMPL(i64, zt_int, ZT_HEAP_LIST_I64, 0)
branch  0 never executed (fallthrough)
branch  1 never executed
call    2 never executed
call    3 never executed
------------------
zt_list_i64_len:
function zt_list_i64_len called 0 returned 0% blocks executed 0%
    #####:  982:ZT_DEFINE_LIST_IMPL(i64, zt_int, ZT_HEAP_LIST_I64, 0)
branch  0 never executed (fallthrough)
branch  1 never executed
call    2 never executed
------------------
zt_list_i64_set_owned:
function zt_list_i64_set_owned called 0 returned 0% blocks executed 0%
    #####:  982:ZT_DEFINE_LIST_IMPL(i64, zt_int, ZT_HEAP_LIST_I64, 0)
branch  0 never executed (fallthrough)
branch  1 never executed
call    2 never executed
branch  3 never executed (fallthrough)
branch  4 never executed
call    5 never executed
call    6 never executed
call    7 never executed
------------------
zt_list_i64_set:
function zt_list_i64_set called 0 returned 0% blocks executed 0%
    #####:  982:ZT_DEFINE_LIST_IMPL(i64, zt_int, ZT_HEAP_LIST_I64, 0)
branch  0 never executed (fallthrough)
branch  1 never executed
call    2 never executed
branch  3 never executed (fallthrough)
branch  4 never executed
branch  5 never executed (fallthrough)
branch  6 never executed
call    7 never executed
------------------
zt_list_i64_get:
function zt_list_i64_get called 0 returned 0% blocks executed 0%
    #####:  982:ZT_DEFINE_LIST_IMPL(i64, zt_int, ZT_HEAP_LIST_I64, 0)
branch  0 never executed (fallthrough)
branch  1 never executed
call    2 never executed
branch  3 never executed (fallthrough)
branch  4 never executed
branch  5 never executed (fallthrough)
branch  6 never executed
call    7 never executed
------------------
zt_list_i64_push_owned:
function zt_list_i64_push_owned called 0 returned 0% blocks executed 0%
    #####:  982:ZT_DEFINE_LIST_IMPL(i64, zt_int, ZT_HEAP_LIST_I64, 0)
branch  0 never executed (fallthrough)
branch  1 never executed
call    2 never executed
branch  3 never executed (fallthrough)
branch  4 never executed
call    5 never executed
call    6 never executed
call    7 never executed
------------------
zt_list_i64_push:
function zt_list_i64_push called 0 returned 0% blocks executed 0%
    #####:  982:ZT_DEFINE_LIST_IMPL(i64, zt_int, ZT_HEAP_LIST_I64, 0)
branch  0 never executed (fallthrough)
branch  1 never executed
call    2 never executed
call    3 never executed
------------------
zt_list_i64_from_array:
function zt_list_i64_from_array called 0 returned 0% blocks executed 0%
    #####:  982:ZT_DEFINE_LIST_IMPL(i64, zt_int, ZT_HEAP_LIST_I64, 0)
call    0 never executed
branch  1 never executed (fallthrough)
branch  2 never executed
branch  3 never executed (fallthrough)
branch  4 never executed
call    5 never executed
call    6 never executed
------------------
zt_list_i64_new:
function zt_list_i64_new called 0 returned 0% blocks executed 0%
    #####:  982:ZT_DEFINE_LIST_IMPL(i64, zt_int, ZT_HEAP_LIST_I64, 0)
branch  0 never executed (fallthrough)
branch  1 never executed
call    2 never executed
------------------
zt_list_i64_reserve:
function zt_list_i64_reserve called 0 returned 0% blocks executed 0%
    #####:  982:ZT_DEFINE_LIST_IMPL(i64, zt_int, ZT_HEAP_LIST_I64, 0)
branch  0 never executed (fallthrough)
branch  1 never executed
call    2 never executed
branch  3 never executed (fallthrough)
branch  4 never executed
branch  5 never executed (fallthrough)
branch  6 never executed
branch  7 never executed (fallthrough)
branch  8 never executed
call    9 never executed
branch 10 never executed
branch 11 never executed (fallthrough)
branch 12 never executed (fallthrough)
branch 13 never executed
call   14 never executed
------------------
zt_free_list_i64:
function zt_free_list_i64 called 0 returned 0% blocks executed 0%
    #####:  982:ZT_DEFINE_LIST_IMPL(i64, zt_int, ZT_HEAP_LIST_I64, 0)
branch  0 never executed (fallthrough)
branch  1 never executed
------------------
       6*:  983:ZT_DEFINE_LIST_IMPL(text, zt_text *, ZT_HEAP_LIST_TEXT, 1)
------------------
zt_list_text_slice:
function zt_list_text_slice called 0 returned 0% blocks executed 0%
    #####:  983:ZT_DEFINE_LIST_IMPL(text, zt_text *, ZT_HEAP_LIST_TEXT, 1)
branch  0 never executed (fallthrough)
branch  1 never executed
call    2 never executed
branch  3 never executed (fallthrough)
branch  4 never executed
call    5 never executed
branch  6 never executed (fallthrough)
branch  7 never executed
call    8 never executed
call    9 never executed
branch 10 never executed (fallthrough)
branch 11 never executed
branch 12 never executed (fallthrough)
branch 13 never executed
call   14 never executed
call   15 never executed
------------------
zt_list_text_deep_copy:
function zt_list_text_deep_copy called 0 returned 0% blocks executed 0%
    #####:  983:ZT_DEFINE_LIST_IMPL(text, zt_text *, ZT_HEAP_LIST_TEXT, 1)
branch  0 never executed (fallthrough)
branch  1 never executed
call    2 never executed
call    3 never executed
call    4 never executed
call    5 never executed
branch  6 never executed
branch  7 never executed (fallthrough)
------------------
zt_list_text_len:
function zt_list_text_len called 0 returned 0% blocks executed 0%
    #####:  983:ZT_DEFINE_LIST_IMPL(text, zt_text *, ZT_HEAP_LIST_TEXT, 1)
branch  0 never executed (fallthrough)
branch  1 never executed
call    2 never executed
------------------
zt_list_text_set_owned:
function zt_list_text_set_owned called 0 returned 0% blocks executed 0%
    #####:  983:ZT_DEFINE_LIST_IMPL(text, zt_text *, ZT_HEAP_LIST_TEXT, 1)
branch  0 never executed (fallthrough)
branch  1 never executed
call    2 never executed
branch  3 never executed (fallthrough)
branch  4 never executed
call    5 never executed
call    6 never executed
call    7 never executed
------------------
zt_list_text_set:
function zt_list_text_set called 0 returned 0% blocks executed 0%
    #####:  983:ZT_DEFINE_LIST_IMPL(text, zt_text *, ZT_HEAP_LIST_TEXT, 1)
branch  0 never executed (fallthrough)
branch  1 never executed
call    2 never executed
branch  3 never executed (fallthrough)
branch  4 never executed
call    5 never executed
branch  6 never executed (fallthrough)
branch  7 never executed
branch  8 never executed (fallthrough)
branch  9 never executed
call   10 never executed
call   11 never executed
call   12 never executed
------------------
zt_list_text_get:
function zt_list_text_get called 0 returned 0% blocks executed 0%
    #####:  983:ZT_DEFINE_LIST_IMPL(text, zt_text *, ZT_HEAP_LIST_TEXT, 1)
branch  0 never executed (fallthrough)
branch  1 never executed
call    2 never executed
branch  3 never executed (fallthrough)
branch  4 never executed
branch  5 never executed (fallthrough)
branch  6 never executed
call    7 never executed
branch  8 never executed (fallthrough)
branch  9 never executed
call   10 never executed
call   11 never executed
------------------
zt_list_text_push_owned:
function zt_list_text_push_owned called 0 returned 0% blocks executed 0%
    #####:  983:ZT_DEFINE_LIST_IMPL(text, zt_text *, ZT_HEAP_LIST_TEXT, 1)
branch  0 never executed (fallthrough)
branch  1 never executed
call    2 never executed
branch  3 never executed (fallthrough)
branch  4 never executed
call    5 never executed
call    6 never executed
call    7 never executed
------------------
zt_list_text_push:
function zt_list_text_push called 0 returned 0% blocks executed 0%
    #####:  983:ZT_DEFINE_LIST_IMPL(text, zt_text *, ZT_HEAP_LIST_TEXT, 1)
branch  0 never executed (fallthrough)
branch  1 never executed
call    2 never executed
branch  3 never executed (fallthrough)
branch  4 never executed
call    5 never executed
call    6 never executed
call    7 never executed
------------------
zt_list_text_from_array:
function zt_list_text_from_array called 1 returned 100% blocks executed 83%
       2*:  983:ZT_DEFINE_LIST_IMPL(text, zt_text *, ZT_HEAP_LIST_TEXT, 1)
call    0 returned 1
branch  1 taken 0 (fallthrough)
branch  2 taken 1
branch  3 taken 0 (fallthrough)
branch  4 taken 1
call    5 never executed
call    6 returned 1
call    7 returned 1
branch  8 taken 1
branch  9 taken 1 (fallthrough)
------------------
zt_list_text_new:
function zt_list_text_new called 1 returned 100% blocks executed 75%
       1*:  983:ZT_DEFINE_LIST_IMPL(text, zt_text *, ZT_HEAP_LIST_TEXT, 1)
branch  0 taken 0 (fallthrough)
branch  1 taken 1
call    2 never executed
------------------
zt_list_text_reserve:
function zt_list_text_reserve called 1 returned 100% blocks executed 56%
       1*:  983:ZT_DEFINE_LIST_IMPL(text, zt_text *, ZT_HEAP_LIST_TEXT, 1)
branch  0 taken 0 (fallthrough)
branch  1 taken 1
call    2 never executed
branch  3 taken 0 (fallthrough)
branch  4 taken 1
branch  5 taken 0 (fallthrough)
branch  6 taken 1
branch  7 never executed (fallthrough)
branch  8 never executed
call    9 never executed
branch 10 taken 0
branch 11 taken 1 (fallthrough)
branch 12 taken 0 (fallthrough)
branch 13 taken 1
call   14 never executed
------------------
zt_free_list_text:
function zt_free_list_text called 1 returned 100% blocks executed 88%
       2*:  983:ZT_DEFINE_LIST_IMPL(text, zt_text *, ZT_HEAP_LIST_TEXT, 1)
branch  0 taken 0 (fallthrough)
branch  1 taken 1
call    2 returned 1
branch  3 taken 1
branch  4 taken 1 (fallthrough)
------------------
    #####:  984:ZT_DEFINE_LIST_IMPL(f64, zt_float, ZT_HEAP_LIST_F64, 0)
------------------
zt_list_f64_slice:
function zt_list_f64_slice called 0 returned 0% blocks executed 0%
    #####:  984:ZT_DEFINE_LIST_IMPL(f64, zt_float, ZT_HEAP_LIST_F64, 0)
branch  0 never executed (fallthrough)
branch  1 never executed
call    2 never executed
branch  3 never executed (fallthrough)
branch  4 never executed
call    5 never executed
branch  6 never executed (fallthrough)
branch  7 never executed
call    8 never executed
call    9 never executed
branch 10 never executed (fallthrough)
branch 11 never executed
branch 12 never executed (fallthrough)
branch 13 never executed
call   14 never executed
call   15 never executed
------------------
zt_list_f64_deep_copy:
function zt_list_f64_deep_copy called 0 returned 0% blocks executed 0%
    #####:  984:ZT_DEFINE_LIST_IMPL(f64, zt_float, ZT_HEAP_LIST_F64, 0)
branch  0 never executed (fallthrough)
branch  1 never executed
call    2 never executed
call    3 never executed
------------------
zt_list_f64_len:
function zt_list_f64_len called 0 returned 0% blocks executed 0%
    #####:  984:ZT_DEFINE_LIST_IMPL(f64, zt_float, ZT_HEAP_LIST_F64, 0)
branch  0 never executed (fallthrough)
branch  1 never executed
call    2 never executed
------------------
zt_list_f64_set_owned:
function zt_list_f64_set_owned called 0 returned 0% blocks executed 0%
    #####:  984:ZT_DEFINE_LIST_IMPL(f64, zt_float, ZT_HEAP_LIST_F64, 0)
branch  0 never executed (fallthrough)
branch  1 never executed
call    2 never executed
branch  3 never executed (fallthrough)
branch  4 never executed
call    5 never executed
call    6 never executed
call    7 never executed
------------------
zt_list_f64_set:
function zt_list_f64_set called 0 returned 0% blocks executed 0%
    #####:  984:ZT_DEFINE_LIST_IMPL(f64, zt_float, ZT_HEAP_LIST_F64, 0)
branch  0 never executed (fallthrough)
branch  1 never executed
call    2 never executed
branch  3 never executed (fallthrough)
branch  4 never executed
branch  5 never executed (fallthrough)
branch  6 never executed
call    7 never executed
------------------
zt_list_f64_get:
function zt_list_f64_get called 0 returned 0% blocks executed 0%
    #####:  984:ZT_DEFINE_LIST_IMPL(f64, zt_float, ZT_HEAP_LIST_F64, 0)
branch  0 never executed (fallthrough)
branch  1 never executed
call    2 never executed
branch  3 never executed (fallthrough)
branch  4 never executed
branch  5 never executed (fallthrough)
branch  6 never executed
call    7 never executed
------------------
zt_list_f64_push_owned:
function zt_list_f64_push_owned called 0 returned 0% blocks executed 0%
    #####:  984:ZT_DEFINE_LIST_IMPL(f64, zt_float, ZT_HEAP_LIST_F64, 0)
branch  0 never executed (fallthrough)
branch  1 never executed
call    2 never executed
branch  3 never executed (fallthrough)
branch  4 never executed
call    5 never executed
call    6 never executed
call    7 never executed
------------------
zt_list_f64_push:
function zt_list_f64_push called 0 returned 0% blocks executed 0%
    #####:  984:ZT_DEFINE_LIST_IMPL(f64, zt_float, ZT_HEAP_LIST_F64, 0)
branch  0 never executed (fallthrough)
branch  1 never executed
call    2 never executed
call    3 never executed
------------------
zt_list_f64_from_array:
function zt_list_f64_from_array called 0 returned 0% blocks executed 0%
    #####:  984:ZT_DEFINE_LIST_IMPL(f64, zt_float, ZT_HEAP_LIST_F64, 0)
call    0 never executed
branch  1 never executed (fallthrough)
branch  2 never executed
branch  3 never executed (fallthrough)
branch  4 never executed
call    5 never executed
call    6 never executed
------------------
zt_list_f64_new:
function zt_list_f64_new called 0 returned 0% blocks executed 0%
    #####:  984:ZT_DEFINE_LIST_IMPL(f64, zt_float, ZT_HEAP_LIST_F64, 0)
branch  0 never executed (fallthrough)
branch  1 never executed
call    2 never executed
------------------
zt_list_f64_reserve:
function zt_list_f64_reserve called 0 returned 0% blocks executed 0%
    #####:  984:ZT_DEFINE_LIST_IMPL(f64, zt_float, ZT_HEAP_LIST_F64, 0)
branch  0 never executed (fallthrough)
branch  1 never executed
call    2 never executed
branch  3 never executed (fallthrough)
branch  4 never executed
branch  5 never executed (fallthrough)
branch  6 never executed
branch  7 never executed (fallthrough)
branch  8 never executed
call    9 never executed
branch 10 never executed
branch 11 never executed (fallthrough)
branch 12 never executed (fallthrough)
branch 13 never executed
call   14 never executed
------------------
zt_free_list_f64:
function zt_free_list_f64 called 0 returned 0% blocks executed 0%
    #####:  984:ZT_DEFINE_LIST_IMPL(f64, zt_float, ZT_HEAP_LIST_F64, 0)
branch  0 never executed (fallthrough)
branch  1 never executed
------------------
function zt_text_hash called 0 returned 0% blocks executed 0%
    #####:  985:size_t zt_text_hash(const zt_text *value) {
    #####:  986:    uint64_t hash = UINT64_C(1469598103934665603);
        -:  987:    size_t index;
        -:  988:
    #####:  989:    if (value == NULL || value->data == NULL) {
branch  0 never executed (fallthrough)
branch  1 never executed
branch  2 never executed (fallthrough)
branch  3 never executed
    #####:  990:        return 0u;
        -:  991:    }
        -:  992:
    #####:  993:    for (index = 0; index < value->len; index += 1) {
branch  0 never executed
branch  1 never executed (fallthrough)
    #####:  994:        hash ^= (uint8_t)value->data[index];
    #####:  995:        hash *= UINT64_C(1099511628211);
        -:  996:    }
        -:  997:
    #####:  998:    return (size_t)hash;
        -:  999:}
        -: 1000:
function zt_i64_hash called 0 returned 0% blocks executed 0%
    #####: 1001:size_t zt_i64_hash(zt_int value) {
    #####: 1002:    uint64_t x = (uint64_t)value;
        -: 1003:
    #####: 1004:    x ^= x >> 33;
    #####: 1005:    x *= UINT64_C(0xff51afd7ed558ccd);
    #####: 1006:    x ^= x >> 33;
    #####: 1007:    x *= UINT64_C(0xc4ceb9fe1a85ec53);
    #####: 1008:    x ^= x >> 33;
    #####: 1009:    return (size_t)x;
        -: 1010:}
    #####: 1011:ZT_DEFINE_MAP_IMPL(
------------------
zt_map_text_text_new:
function zt_map_text_text_new called 0 returned 0% blocks executed 0%
    #####: 1011:ZT_DEFINE_MAP_IMPL(
call    0 never executed
------------------
zt_free_map_text_text:
function zt_free_map_text_text called 0 returned 0% blocks executed 0%
    #####: 1011:ZT_DEFINE_MAP_IMPL(
branch  0 never executed (fallthrough)
branch  1 never executed
call    2 never executed
call    3 never executed
branch  4 never executed
branch  5 never executed (fallthrough)
------------------
zt_map_text_text_reserve:
function zt_map_text_text_reserve called 0 returned 0% blocks executed 0%
    #####: 1011:ZT_DEFINE_MAP_IMPL(
branch  0 never executed (fallthrough)
branch  1 never executed
call    2 never executed
branch  3 never executed (fallthrough)
branch  4 never executed
branch  5 never executed (fallthrough)
branch  6 never executed
branch  7 never executed (fallthrough)
branch  8 never executed
call    9 never executed
branch 10 never executed
branch 11 never executed (fallthrough)
branch 12 never executed (fallthrough)
branch 13 never executed
call   14 never executed
branch 15 never executed (fallthrough)
branch 16 never executed
call   17 never executed
------------------
zt_map_text_text_hash_target_capacity:
function zt_map_text_text_hash_target_capacity called 0 returned 0% blocks executed 0%
    #####: 1011:ZT_DEFINE_MAP_IMPL(
branch  0 never executed (fallthrough)
branch  1 never executed
branch  2 never executed (fallthrough)
branch  3 never executed
call    4 never executed
branch  5 never executed
branch  6 never executed (fallthrough)
------------------
zt_map_text_text_hash_clear:
function zt_map_text_text_hash_clear called 0 returned 0% blocks executed 0%
    #####: 1011:ZT_DEFINE_MAP_IMPL(
branch  0 never executed (fallthrough)
branch  1 never executed
branch  2 never executed
branch  3 never executed (fallthrough)
------------------
zt_map_text_text_hash_insert_index:
function zt_map_text_text_hash_insert_index called 0 returned 0% blocks executed 0%
    #####: 1011:ZT_DEFINE_MAP_IMPL(
branch  0 never executed (fallthrough)
branch  1 never executed
branch  2 never executed (fallthrough)
branch  3 never executed
branch  4 never executed (fallthrough)
branch  5 never executed
call    6 never executed
branch  7 never executed
branch  8 never executed (fallthrough)
------------------
zt_map_text_text_rebuild_hash:
function zt_map_text_text_rebuild_hash called 0 returned 0% blocks executed 0%
    #####: 1011:ZT_DEFINE_MAP_IMPL(
branch  0 never executed (fallthrough)
branch  1 never executed
call    2 never executed
call    3 never executed
branch  4 never executed (fallthrough)
branch  5 never executed
branch  6 never executed (fallthrough)
branch  7 never executed
branch  8 never executed (fallthrough)
branch  9 never executed
call   10 never executed
call   11 never executed
call   12 never executed
branch 13 never executed
branch 14 never executed (fallthrough)
------------------
zt_map_text_text_find_index:
function zt_map_text_text_find_index called 0 returned 0% blocks executed 0%
    #####: 1011:ZT_DEFINE_MAP_IMPL(
branch  0 never executed (fallthrough)
branch  1 never executed
call    2 never executed
branch  3 never executed (fallthrough)
branch  4 never executed
call    5 never executed
branch  6 never executed (fallthrough)
branch  7 never executed
[...]
call    0 never executed
branch  1 never executed (fallthrough)
branch  2 never executed
call    3 never executed
branch  4 never executed (fallthrough)
branch  5 never executed
branch  6 never executed (fallthrough)
branch  7 never executed
call    8 never executed
------------------
zt_btreemap_text_text_set_owned:
function zt_btreemap_text_text_set_owned called 0 returned 0% blocks executed 0%
    #####: 8601:ZT_DEFINE_BTREEMAP_IMPL(text_text, zt_text *, zt_text *, ZT_HEAP_BTREEMAP_TEXT_TEXT, zt_optional_text_present, zt_optional_text_empty, 1, 1, "text,text", strcmp(_lhs->data, key->data), NULL)
call    0 never executed
branch  1 never executed (fallthrough)
branch  2 never executed
call    3 never executed
call    4 never executed
branch  5 never executed (fallthrough)
branch  6 never executed
call    7 never executed
branch  8 never executed (fallthrough)
branch  9 never executed
call   10 never executed
branch 11 never executed
branch 12 never executed (fallthrough)
call   13 never executed
call   14 never executed
------------------
zt_btreemap_text_text_set:
function zt_btreemap_text_text_set called 0 returned 0% blocks executed 0%
    #####: 8601:ZT_DEFINE_BTREEMAP_IMPL(text_text, zt_text *, zt_text *, ZT_HEAP_BTREEMAP_TEXT_TEXT, zt_optional_text_present, zt_optional_text_empty, 1, 1, "text,text", strcmp(_lhs->data, key->data), NULL)
call    0 never executed
branch  1 never executed (fallthrough)
branch  2 never executed
call    3 never executed
call    4 never executed
branch  5 never executed (fallthrough)
branch  6 never executed
branch  7 never executed (fallthrough)
branch  8 never executed
call    9 never executed
branch 10 never executed (fallthrough)
branch 11 never executed
call   12 never executed
call   13 never executed
branch 14 never executed (fallthrough)
branch 15 never executed
call   16 never executed
branch 17 never executed (fallthrough)
branch 18 never executed
call   19 never executed
branch 20 never executed (fallthrough)
branch 21 never executed
------------------
zt_btreemap_text_text_new:
function zt_btreemap_text_text_new called 0 returned 0% blocks executed 0%
    #####: 8601:ZT_DEFINE_BTREEMAP_IMPL(text_text, zt_text *, zt_text *, ZT_HEAP_BTREEMAP_TEXT_TEXT, zt_optional_text_present, zt_optional_text_empty, 1, 1, "text,text", strcmp(_lhs->data, key->data), NULL)
branch  0 never executed (fallthrough)
branch  1 never executed
call    2 never executed
------------------
zt_btreemap_text_text_ensure_capacity:
function zt_btreemap_text_text_ensure_capacity called 0 returned 0% blocks executed 0%
    #####: 8601:ZT_DEFINE_BTREEMAP_IMPL(text_text, zt_text *, zt_text *, ZT_HEAP_BTREEMAP_TEXT_TEXT, zt_optional_text_present, zt_optional_text_empty, 1, 1, "text,text", strcmp(_lhs->data, key->data), NULL)
branch  0 never executed (fallthrough)
branch  1 never executed
branch  2 never executed (fallthrough)
branch  3 never executed
branch  4 never executed
branch  5 never executed (fallthrough)
branch  6 never executed (fallthrough)
branch  7 never executed
branch  8 never executed (fallthrough)
branch  9 never executed
call   10 never executed
------------------
zt_btreemap_text_text_find:
function zt_btreemap_text_text_find called 0 returned 0% blocks executed 0%
    #####: 8601:ZT_DEFINE_BTREEMAP_IMPL(text_text, zt_text *, zt_text *, ZT_HEAP_BTREEMAP_TEXT_TEXT, zt_optional_text_present, zt_optional_text_empty, 1, 1, "text,text", strcmp(_lhs->data, key->data), NULL)
branch  0 never executed (fallthrough)
branch  1 never executed
branch  2 never executed (fallthrough)
branch  3 never executed
branch  4 never executed (fallthrough)
branch  5 never executed
branch  6 never executed
branch  7 never executed (fallthrough)
branch  8 never executed (fallthrough)
branch  9 never executed
------------------
zt_free_btreemap_text_text:
function zt_free_btreemap_text_text called 0 returned 0% blocks executed 0%
    #####: 8601:ZT_DEFINE_BTREEMAP_IMPL(text_text, zt_text *, zt_text *, ZT_HEAP_BTREEMAP_TEXT_TEXT, zt_optional_text_present, zt_optional_text_empty, 1, 1, "text,text", strcmp(_lhs->data, key->data), NULL)
branch  0 never executed (fallthrough)
branch  1 never executed
call    2 never executed
call    3 never executed
branch  4 never executed
branch  5 never executed (fallthrough)
------------------
zt_runtime_require_btreemap_text_text:
function zt_runtime_require_btreemap_text_text called 0 returned 0% blocks executed 0%
    #####: 8601:ZT_DEFINE_BTREEMAP_IMPL(text_text, zt_text *, zt_text *, ZT_HEAP_BTREEMAP_TEXT_TEXT, zt_optional_text_present, zt_optional_text_empty, 1, 1, "text,text", strcmp(_lhs->data, key->data), NULL)
branch  0 never executed (fallthrough)
branch  1 never executed
call    2 never executed
------------------
    #####: 8602:ZT_DEFINE_BTREESET_IMPL(text, zt_text *, ZT_HEAP_BTREESET_TEXT, 1, "text", strcmp(_lhs->data, value->data))
------------------
zt_btreeset_text_len:
function zt_btreeset_text_len called 0 returned 0% blocks executed 0%
    #####: 8602:ZT_DEFINE_BTREESET_IMPL(text, zt_text *, ZT_HEAP_BTREESET_TEXT, 1, "text", strcmp(_lhs->data, value->data))
call    0 never executed
------------------
zt_btreeset_text_remove_owned:
function zt_btreeset_text_remove_owned called 0 returned 0% blocks executed 0%
    #####: 8602:ZT_DEFINE_BTREESET_IMPL(text, zt_text *, ZT_HEAP_BTREESET_TEXT, 1, "text", strcmp(_lhs->data, value->data))
call    0 never executed
branch  1 never executed (fallthrough)
branch  2 never executed
call    3 never executed
call    4 never executed
branch  5 never executed (fallthrough)
branch  6 never executed
call    7 never executed
branch  8 never executed
branch  9 never executed (fallthrough)
call   10 never executed
call   11 never executed
------------------
zt_btreeset_text_remove:
function zt_btreeset_text_remove called 0 returned 0% blocks executed 0%
    #####: 8602:ZT_DEFINE_BTREESET_IMPL(text, zt_text *, ZT_HEAP_BTREESET_TEXT, 1, "text", strcmp(_lhs->data, value->data))
call    0 never executed
branch  1 never executed (fallthrough)
branch  2 never executed
call    3 never executed
branch  4 never executed (fallthrough)
branch  5 never executed
branch  6 never executed (fallthrough)
branch  7 never executed
branch  8 never executed (fallthrough)
branch  9 never executed
call   10 never executed
------------------
zt_btreeset_text_contains:
function zt_btreeset_text_contains called 0 returned 0% blocks executed 0%
    #####: 8602:ZT_DEFINE_BTREESET_IMPL(text, zt_text *, ZT_HEAP_BTREESET_TEXT, 1, "text", strcmp(_lhs->data, value->data))
call    0 never executed
branch  1 never executed (fallthrough)
branch  2 never executed
call    3 never executed
------------------
zt_btreeset_text_insert_owned:
function zt_btreeset_text_insert_owned called 0 returned 0% blocks executed 0%
    #####: 8602:ZT_DEFINE_BTREESET_IMPL(text, zt_text *, ZT_HEAP_BTREESET_TEXT, 1, "text", strcmp(_lhs->data, value->data))
call    0 never executed
branch  1 never executed (fallthrough)
branch  2 never executed
call    3 never executed
call    4 never executed
branch  5 never executed (fallthrough)
branch  6 never executed
call    7 never executed
branch  8 never executed
branch  9 never executed (fallthrough)
call   10 never executed
call   11 never executed
------------------
zt_btreeset_text_insert:
function zt_btreeset_text_insert called 0 returned 0% blocks executed 0%
    #####: 8602:ZT_DEFINE_BTREESET_IMPL(text, zt_text *, ZT_HEAP_BTREESET_TEXT, 1, "text", strcmp(_lhs->data, value->data))
call    0 never executed
branch  1 never executed (fallthrough)
branch  2 never executed
call    3 never executed
call    4 never executed
branch  5 never executed (fallthrough)
branch  6 never executed
call    7 never executed
call    8 never executed
branch  9 never executed (fallthrough)
branch 10 never executed
------------------
zt_btreeset_text_new:
function zt_btreeset_text_new called 0 returned 0% blocks executed 0%
    #####: 8602:ZT_DEFINE_BTREESET_IMPL(text, zt_text *, ZT_HEAP_BTREESET_TEXT, 1, "text", strcmp(_lhs->data, value->data))
branch  0 never executed (fallthrough)
branch  1 never executed
call    2 never executed
------------------
zt_btreeset_text_ensure_capacity:
function zt_btreeset_text_ensure_capacity called 0 returned 0% blocks executed 0%
    #####: 8602:ZT_DEFINE_BTREESET_IMPL(text, zt_text *, ZT_HEAP_BTREESET_TEXT, 1, "text", strcmp(_lhs->data, value->data))
branch  0 never executed (fallthrough)
branch  1 never executed
branch  2 never executed (fallthrough)
branch  3 never executed
branch  4 never executed
branch  5 never executed (fallthrough)
branch  6 never executed (fallthrough)
branch  7 never executed
call    8 never executed
------------------
zt_btreeset_text_find:
function zt_btreeset_text_find called 0 returned 0% blocks executed 0%
    #####: 8602:ZT_DEFINE_BTREESET_IMPL(text, zt_text *, ZT_HEAP_BTREESET_TEXT, 1, "text", strcmp(_lhs->data, value->data))
branch  0 never executed (fallthrough)
branch  1 never executed
branch  2 never executed (fallthrough)
branch  3 never executed
branch  4 never executed (fallthrough)
branch  5 never executed
branch  6 never executed
branch  7 never executed (fallthrough)
branch  8 never executed (fallthrough)
branch  9 never executed
------------------
zt_free_btreeset_text:
function zt_free_btreeset_text called 0 returned 0% blocks executed 0%
    #####: 8602:ZT_DEFINE_BTREESET_IMPL(text, zt_text *, ZT_HEAP_BTREESET_TEXT, 1, "text", strcmp(_lhs->data, value->data))
branch  0 never executed (fallthrough)
branch  1 never executed
call    2 never executed
branch  3 never executed
branch  4 never executed (fallthrough)
------------------
zt_runtime_require_btreeset_text:
function zt_runtime_require_btreeset_text called 0 returned 0% blocks executed 0%
    #####: 8602:ZT_DEFINE_BTREESET_IMPL(text, zt_text *, ZT_HEAP_BTREESET_TEXT, 1, "text", strcmp(_lhs->data, value->data))
branch  0 never executed (fallthrough)
branch  1 never executed
call    2 never executed
------------------
        -: 8603:
    #####: 8604:ZT_DEFINE_GRID3D_IMPL(i64, zt_int, ZT_HEAP_GRID3D_I64, 0, "int", 0)
------------------
zt_grid3d_i64_cols:
function zt_grid3d_i64_cols called 0 returned 0% blocks executed 0%
    #####: 8604:ZT_DEFINE_GRID3D_IMPL(i64, zt_int, ZT_HEAP_GRID3D_I64, 0, "int", 0)
call    0 never executed
------------------
zt_grid3d_i64_rows:
function zt_grid3d_i64_rows called 0 returned 0% blocks executed 0%
    #####: 8604:ZT_DEFINE_GRID3D_IMPL(i64, zt_int, ZT_HEAP_GRID3D_I64, 0, "int", 0)
call    0 never executed
------------------
zt_grid3d_i64_depth:
function zt_grid3d_i64_depth called 0 returned 0% blocks executed 0%
    #####: 8604:ZT_DEFINE_GRID3D_IMPL(i64, zt_int, ZT_HEAP_GRID3D_I64, 0, "int", 0)
call    0 never executed
------------------
zt_grid3d_i64_fill_owned:
function zt_grid3d_i64_fill_owned called 0 returned 0% blocks executed 0%
    #####: 8604:ZT_DEFINE_GRID3D_IMPL(i64, zt_int, ZT_HEAP_GRID3D_I64, 0, "int", 0)
call    0 never executed
branch  1 never executed (fallthrough)
branch  2 never executed
call    3 never executed
branch  4 never executed
branch  5 never executed (fallthrough)
call    6 never executed
call    7 never executed
------------------
zt_grid3d_i64_fill:
function zt_grid3d_i64_fill called 0 returned 0% blocks executed 0%
    #####: 8604:ZT_DEFINE_GRID3D_IMPL(i64, zt_int, ZT_HEAP_GRID3D_I64, 0, "int", 0)
call    0 never executed
branch  1 never executed
branch  2 never executed (fallthrough)
------------------
zt_grid3d_i64_set_owned:
function zt_grid3d_i64_set_owned called 0 returned 0% blocks executed 0%
    #####: 8604:ZT_DEFINE_GRID3D_IMPL(i64, zt_int, ZT_HEAP_GRID3D_I64, 0, "int", 0)
call    0 never executed
branch  1 never executed (fallthrough)
branch  2 never executed
call    3 never executed
branch  4 never executed
branch  5 never executed (fallthrough)
call    6 never executed
call    7 never executed
------------------
zt_grid3d_i64_set:
function zt_grid3d_i64_set called 0 returned 0% blocks executed 0%
    #####: 8604:ZT_DEFINE_GRID3D_IMPL(i64, zt_int, ZT_HEAP_GRID3D_I64, 0, "int", 0)
call    0 never executed
branch  1 never executed (fallthrough)
branch  2 never executed
branch  3 never executed (fallthrough)
branch  4 never executed
branch  5 never executed (fallthrough)
branch  6 never executed
branch  7 never executed (fallthrough)
branch  8 never executed
branch  9 never executed (fallthrough)
branch 10 never executed
branch 11 never executed (fallthrough)
branch 12 never executed
call   13 never executed
------------------
zt_grid3d_i64_get:
function zt_grid3d_i64_get called 0 returned 0% blocks executed 0%
    #####: 8604:ZT_DEFINE_GRID3D_IMPL(i64, zt_int, ZT_HEAP_GRID3D_I64, 0, "int", 0)
call    0 never executed
branch  1 never executed (fallthrough)
branch  2 never executed
branch  3 never executed (fallthrough)
branch  4 never executed
branch  5 never executed (fallthrough)
branch  6 never executed
branch  7 never executed (fallthrough)
branch  8 never executed
branch  9 never executed (fallthrough)
branch 10 never executed
branch 11 never executed (fallthrough)
branch 12 never executed
call   13 never executed
------------------
zt_grid3d_i64_new:
function zt_grid3d_i64_new called 0 returned 0% blocks executed 0%
    #####: 8604:ZT_DEFINE_GRID3D_IMPL(i64, zt_int, ZT_HEAP_GRID3D_I64, 0, "int", 0)
branch  0 never executed (fallthrough)
branch  1 never executed
branch  2 never executed (fallthrough)
branch  3 never executed
branch  4 never executed (fallthrough)
branch  5 never executed
call    6 never executed
branch  7 never executed (fallthrough)
branch  8 never executed
call    9 never executed
branch 10 never executed (fallthrough)
branch 11 never executed
call   12 never executed
------------------
zt_free_grid3d_i64:
function zt_free_grid3d_i64 called 0 returned 0% blocks executed 0%
    #####: 8604:ZT_DEFINE_GRID3D_IMPL(i64, zt_int, ZT_HEAP_GRID3D_I64, 0, "int", 0)
branch  0 never executed (fallthrough)
branch  1 never executed
------------------
zt_runtime_require_grid3d_i64:
function zt_runtime_require_grid3d_i64 called 0 returned 0% blocks executed 0%
    #####: 8604:ZT_DEFINE_GRID3D_IMPL(i64, zt_int, ZT_HEAP_GRID3D_I64, 0, "int", 0)
branch  0 never executed (fallthrough)
branch  1 never executed
call    2 never executed
------------------
    #####: 8605:ZT_DEFINE_GRID3D_IMPL(text, zt_text *, ZT_HEAP_GRID3D_TEXT, 1, "text", zt_text_from_utf8_literal(""))
------------------
zt_grid3d_text_cols:
function zt_grid3d_text_cols called 0 returned 0% blocks executed 0%
    #####: 8605:ZT_DEFINE_GRID3D_IMPL(text, zt_text *, ZT_HEAP_GRID3D_TEXT, 1, "text", zt_text_from_utf8_literal(""))
call    0 never executed
------------------
zt_grid3d_text_rows:
function zt_grid3d_text_rows called 0 returned 0% blocks executed 0%
    #####: 8605:ZT_DEFINE_GRID3D_IMPL(text, zt_text *, ZT_HEAP_GRID3D_TEXT, 1, "text", zt_text_from_utf8_literal(""))
call    0 never executed
------------------
zt_grid3d_text_depth:
function zt_grid3d_text_depth called 0 returned 0% blocks executed 0%
    #####: 8605:ZT_DEFINE_GRID3D_IMPL(text, zt_text *, ZT_HEAP_GRID3D_TEXT, 1, "text", zt_text_from_utf8_literal(""))
call    0 never executed
------------------
zt_grid3d_text_fill_owned:
function zt_grid3d_text_fill_owned called 0 returned 0% blocks executed 0%
    #####: 8605:ZT_DEFINE_GRID3D_IMPL(text, zt_text *, ZT_HEAP_GRID3D_TEXT, 1, "text", zt_text_from_utf8_literal(""))
call    0 never executed
branch  1 never executed (fallthrough)
branch  2 never executed
call    3 never executed
branch  4 never executed (fallthrough)
branch  5 never executed
call    6 never executed
branch  7 never executed
branch  8 never executed (fallthrough)
call    9 never executed
call   10 never executed
------------------
zt_grid3d_text_fill:
function zt_grid3d_text_fill called 0 returned 0% blocks executed 0%
    #####: 8605:ZT_DEFINE_GRID3D_IMPL(text, zt_text *, ZT_HEAP_GRID3D_TEXT, 1, "text", zt_text_from_utf8_literal(""))
call    0 never executed
branch  1 never executed (fallthrough)
branch  2 never executed
call    3 never executed
branch  4 never executed (fallthrough)
branch  5 never executed
call    6 never executed
branch  7 never executed
branch  8 never executed (fallthrough)
------------------
zt_grid3d_text_set_owned:
function zt_grid3d_text_set_owned called 0 returned 0% blocks executed 0%
    #####: 8605:ZT_DEFINE_GRID3D_IMPL(text, zt_text *, ZT_HEAP_GRID3D_TEXT, 1, "text", zt_text_from_utf8_literal(""))
call    0 never executed
branch  1 never executed (fallthrough)
branch  2 never executed
call    3 never executed
branch  4 never executed (fallthrough)
branch  5 never executed
call    6 never executed
branch  7 never executed
branch  8 never executed (fallthrough)
call    9 never executed
call   10 never executed
------------------
zt_grid3d_text_set:
function zt_grid3d_text_set called 0 returned 0% blocks executed 0%
    #####: 8605:ZT_DEFINE_GRID3D_IMPL(text, zt_text *, ZT_HEAP_GRID3D_TEXT, 1, "text", zt_text_from_utf8_literal(""))
call    0 never executed
branch  1 never executed (fallthrough)
branch  2 never executed
branch  3 never executed (fallthrough)
branch  4 never executed
branch  5 never executed (fallthrough)
branch  6 never executed
branch  7 never executed (fallthrough)
branch  8 never executed
branch  9 never executed (fallthrough)
branch 10 never executed
branch 11 never executed (fallthrough)
branch 12 never executed
call   13 never executed
branch 14 never executed (fallthrough)
branch 15 never executed
call   16 never executed
branch 17 never executed (fallthrough)
branch 18 never executed
call   19 never executed
------------------
zt_grid3d_text_get:
function zt_grid3d_text_get called 0 returned 0% blocks executed 0%
    #####: 8605:ZT_DEFINE_GRID3D_IMPL(text, zt_text *, ZT_HEAP_GRID3D_TEXT, 1, "text", zt_text_from_utf8_literal(""))
call    0 never executed
branch  1 never executed (fallthrough)
branch  2 never executed
branch  3 never executed (fallthrough)
branch  4 never executed
branch  5 never executed (fallthrough)
branch  6 never executed
branch  7 never executed (fallthrough)
branch  8 never executed
branch  9 never executed (fallthrough)
branch 10 never executed
branch 11 never executed (fallthrough)
branch 12 never executed
call   13 never executed
branch 14 never executed (fallthrough)
branch 15 never executed
call   16 never executed
call   17 never executed
------------------
zt_grid3d_text_new:
function zt_grid3d_text_new called 0 returned 0% blocks executed 0%
    #####: 8605:ZT_DEFINE_GRID3D_IMPL(text, zt_text *, ZT_HEAP_GRID3D_TEXT, 1, "text", zt_text_from_utf8_literal(""))
branch  0 never executed (fallthrough)
branch  1 never executed
branch  2 never executed (fallthrough)
branch  3 never executed
branch  4 never executed (fallthrough)
branch  5 never executed
call    6 never executed
branch  7 never executed (fallthrough)
branch  8 never executed
call    9 never executed
branch 10 never executed (fallthrough)
branch 11 never executed
call   12 never executed
call   13 never executed
branch 14 never executed
branch 15 never executed (fallthrough)
------------------
zt_free_grid3d_text:
function zt_free_grid3d_text called 0 returned 0% blocks executed 0%
    #####: 8605:ZT_DEFINE_GRID3D_IMPL(text, zt_text *, ZT_HEAP_GRID3D_TEXT, 1, "text", zt_text_from_utf8_literal(""))
branch  0 never executed (fallthrough)
branch  1 never executed
call    2 never executed
branch  3 never executed
branch  4 never executed (fallthrough)
------------------
zt_runtime_require_grid3d_text:
function zt_runtime_require_grid3d_text called 0 returned 0% blocks executed 0%
    #####: 8605:ZT_DEFINE_GRID3D_IMPL(text, zt_text *, ZT_HEAP_GRID3D_TEXT, 1, "text", zt_text_from_utf8_literal(""))
branch  0 never executed (fallthrough)
branch  1 never executed
call    2 never executed
------------------
        -: 8606:
        -: 8607:
        -: 8608:
        -: 8609:
        -: 8610:
        -: 8611:
        -: 8612:
